#
# There is insufficient memory for the Java Runtime Environment to continue.
# Native memory allocation (malloc) failed to allocate 32744 bytes for ChunkPool::allocate
# Possible reasons:
#   The system is out of physical RAM or swap space
#   The process is running with CompressedOops enabled, and the Java Heap may be blocking the growth of the native heap
# Possible solutions:
#   Reduce memory load on the system
#   Increase physical memory or swap space
#   Check if swap backing store is full
#   Decrease Java heap size (-Xmx/-Xms)
#   Decrease number of Java threads
#   Decrease Java thread stack sizes (-Xss)
#   Set larger code cache with -XX:ReservedCodeCacheSize=
#   JVM is running with Unscaled Compressed Oops mode in which the Java heap is
#     placed in the first 4GB address space. The Java Heap base address is the
#     maximum limit for the native heap growth. Please use -XX:HeapBaseMinAddress
#     to set the Java Heap base and to place the Java Heap above 4GB virtual address.
# This output file may be truncated or incomplete.
#
#  Out of Memory Error (arena.cpp:78), pid=21536, tid=22220
#
# JRE version: Java(TM) SE Runtime Environment (17.0.5+9) (build 17.0.5+9-LTS-191)
# Java VM: Java HotSpot(TM) 64-Bit Server VM (17.0.5+9-LTS-191, mixed mode, sharing, tiered, compressed oops, compressed class ptrs, g1 gc, windows-amd64)
# No core dump will be written. Minidumps are not enabled by default on client versions of Windows
#

---------------  S U M M A R Y ------------

Command Line: -Dclassworlds.conf=C:\Program Files\NetBeans-15\netbeans\java\maven\bin\m2.conf -Dmaven.home=C:\Program Files\NetBeans-15\netbeans\java\maven -Dlibrary.jansi.path=C:\Program Files\NetBeans-15\netbeans\java\maven\lib\jansi-native -Dmaven.multiModuleProjectDirectory=C:\Users\pdo18\Desktop\DUAN org.codehaus.plexus.classworlds.launcher.Launcher -Dexec.vmArgs= -Dexec.args=${exec.vmArgs} -classpath %classpath ${exec.mainClass} ${exec.appArgs} -Dexec.executable=C:\Program Files\Java\jdk-17.0.5\bin\java.exe -Dexec.mainClass=poly.edu.ui.MainJFrame -Dexec.classpathScope=runtime -Dexec.appArgs= -Dmaven.ext.class.path=C:\Program Files\NetBeans-15\netbeans\java\maven-nblib\netbeans-eventspy.jar -Dfile.encoding=UTF-8 org.codehaus.mojo:exec-maven-plugin:3.0.0:exec

Host: Intel(R) Core(TM) i5-10300H CPU @ 2.50GHz, 8 cores, 3G,  Windows 11 , 64 bit Build 22621 (10.0.22621.900)
Time: Mon Dec  5 02:12:53 2022 SE Asia Standard Time elapsed time: 0.266125 seconds (0d 0h 0m 0s)

---------------  T H R E A D  ---------------

Current thread (0x000001bbade25940):  JavaThread "C1 CompilerThread0" daemon [_thread_in_native, id=22220, stack(0x000000860f900000,0x000000860fa00000)]


Current CompileTask:
C1:    266  566       3       java.net.URLStreamHandler::parseURL (1201 bytes)

Stack: [0x000000860f900000,0x000000860fa00000]
Native frames: (J=compiled Java code, j=interpreted, Vv=VM code, C=native code)
V  [jvm.dll+0x672eea]
V  [jvm.dll+0x7d2a04]
V  [jvm.dll+0x7d41ae]
V  [jvm.dll+0x7d4813]
V  [jvm.dll+0x242c15]
V  [jvm.dll+0xaa7c0]
V  [jvm.dll+0xaab0c]
V  [jvm.dll+0x15d063]
V  [jvm.dll+0x169369]
V  [jvm.dll+0x16945c]
V  [jvm.dll+0x15eb6e]
V  [jvm.dll+0x15baae]
V  [jvm.dll+0x149dc0]
V  [jvm.dll+0x132907]
V  [jvm.dll+0x13228f]
V  [jvm.dll+0x1324c6]
V  [jvm.dll+0x13195a]
V  [jvm.dll+0x133621]
V  [jvm.dll+0x22493a]
V  [jvm.dll+0x222aa5]
V  [jvm.dll+0x7885db]
V  [jvm.dll+0x782b4a]
V  [jvm.dll+0x671d75]
C  [ucrtbase.dll+0x29363]
C  [KERNEL32.DLL+0x1247d]
C  [ntdll.dll+0x5dfb8]


---------------  P R O C E S S  ---------------

Threads class SMR info:
_java_thread_list=0x000001bbae8d1070, length=12, elements={
0x000001bb904b1040, 0x000001bbadddedd0, 0x000001bbadde1990, 0x000001bbaddf6d00,
0x000001bbaddf75c0, 0x000001bbaddf7e80, 0x000001bbaddf8740, 0x000001bbaddfcf30,
0x000001bbade25940, 0x000001bbade34340, 0x000001bbae8d08b0, 0x000001bbae8d2020
}

Java Threads: ( => current thread )
  0x000001bb904b1040 JavaThread "main" [_thread_in_vm, id=5292, stack(0x000000860eb00000,0x000000860ec00000)]
  0x000001bbadddedd0 JavaThread "Reference Handler" daemon [_thread_blocked, id=22300, stack(0x000000860f200000,0x000000860f300000)]
  0x000001bbadde1990 JavaThread "Finalizer" daemon [_thread_blocked, id=21628, stack(0x000000860f300000,0x000000860f400000)]
  0x000001bbaddf6d00 JavaThread "Signal Dispatcher" daemon [_thread_blocked, id=24460, stack(0x000000860f400000,0x000000860f500000)]
  0x000001bbaddf75c0 JavaThread "Attach Listener" daemon [_thread_blocked, id=14552, stack(0x000000860f500000,0x000000860f600000)]
  0x000001bbaddf7e80 JavaThread "Service Thread" daemon [_thread_blocked, id=24052, stack(0x000000860f600000,0x000000860f700000)]
  0x000001bbaddf8740 JavaThread "Monitor Deflation Thread" daemon [_thread_blocked, id=1464, stack(0x000000860f700000,0x000000860f800000)]
  0x000001bbaddfcf30 JavaThread "C2 CompilerThread0" daemon [_thread_in_native, id=23784, stack(0x000000860f800000,0x000000860f900000)]
=>0x000001bbade25940 JavaThread "C1 CompilerThread0" daemon [_thread_in_native, id=22220, stack(0x000000860f900000,0x000000860fa00000)]
  0x000001bbade34340 JavaThread "Sweeper thread" daemon [_thread_blocked, id=24096, stack(0x000000860fa00000,0x000000860fb00000)]
  0x000001bbae8d08b0 JavaThread "Notification Thread" daemon [_thread_blocked, id=23720, stack(0x000000860fb00000,0x000000860fc00000)]
  0x000001bbae8d2020 JavaThread "Common-Cleaner" daemon [_thread_blocked, id=5112, stack(0x000000860fd00000,0x000000860fe00000)]

Other Threads:
  0x000001bbaddd7f20 VMThread "VM Thread" [stack: 0x000000860f100000,0x000000860f200000] [id=23544]
  0x000001bbae8d1d90 WatcherThread [stack: 0x000000860fc00000,0x000000860fd00000] [id=22228]
  0x000001bb904ebe40 GCTaskThread "GC Thread#0" [stack: 0x000000860ec00000,0x000000860ed00000] [id=21836]
  0x000001bb904f58b0 ConcurrentGCThread "G1 Main Marker" [stack: 0x000000860ed00000,0x000000860ee00000] [id=2036]
  0x000001bb904f6a60 ConcurrentGCThread "G1 Conc#0" [stack: 0x000000860ee00000,0x000000860ef00000] [id=4944]
  0x000001bb905756e0 ConcurrentGCThread "G1 Refine#0" [stack: 0x000000860ef00000,0x000000860f000000] [id=23872]
  0x000001bb90576fb0 ConcurrentGCThread "G1 Service" [stack: 0x000000860f000000,0x000000860f100000] [id=23956]

Threads with active compile tasks:
C2 CompilerThread0      287  575  s!   4       jdk.internal.loader.URLClassPath::getLoader (194 bytes)
C1 CompilerThread0      287  566       3       java.net.URLStreamHandler::parseURL (1201 bytes)

VM state: not at safepoint (normal execution)

VM Mutex/Monitor currently owned by a thread: None

Heap address: 0x00000000c3200000, size: 974 MB, Compressed Oops mode: 32-bit

CDS archive(s) mapped at: [0x0000000800000000-0x0000000800bd0000-0x0000000800bd0000), size 12386304, SharedBaseAddress: 0x0000000800000000, ArchiveRelocationMode: 0.
Compressed class space mapped at: 0x0000000800c00000-0x0000000840c00000, reserved size: 1073741824
Narrow klass base: 0x0000000800000000, Narrow klass shift: 0, Narrow klass range: 0x100000000

GC Precious Log:
 CPUs: 8 total, 8 available
 Memory: 3889M
 Large Page Support: Disabled
 NUMA Support: Disabled
 Compressed Oops: Enabled (32-bit)
 Heap Region Size: 1M
 Heap Min Capacity: 8M
 Heap Initial Capacity: 62M
 Heap Max Capacity: 974M
 Pre-touch: Disabled
 Parallel Workers: 8
 Concurrent Workers: 2
 Concurrent Refinement Workers: 8
 Periodic GC: Disabled

Heap:
 garbage-first heap   total 63488K, used 9216K [0x00000000c3200000, 0x0000000100000000)
  region size 1024K, 10 young (10240K), 0 survivors (0K)
 Metaspace       used 2423K, committed 2560K, reserved 1056768K
  class space    used 243K, committed 320K, reserved 1048576K

Heap Regions: E=young(eden), S=young(survivor), O=old, HS=humongous(starts), HC=humongous(continues), CS=collection set, F=free, OA=open archive, CA=closed archive, TAMS=top-at-mark-start (previous, next)
|   0|0x00000000c3200000, 0x00000000c3200000, 0x00000000c3300000|  0%| F|  |TAMS 0x00000000c3200000, 0x00000000c3200000| Untracked 
|   1|0x00000000c3300000, 0x00000000c3300000, 0x00000000c3400000|  0%| F|  |TAMS 0x00000000c3300000, 0x00000000c3300000| Untracked 
|   2|0x00000000c3400000, 0x00000000c3400000, 0x00000000c3500000|  0%| F|  |TAMS 0x00000000c3400000, 0x00000000c3400000| Untracked 
|   3|0x00000000c3500000, 0x00000000c3500000, 0x00000000c3600000|  0%| F|  |TAMS 0x00000000c3500000, 0x00000000c3500000| Untracked 
|   4|0x00000000c3600000, 0x00000000c3600000, 0x00000000c3700000|  0%| F|  |TAMS 0x00000000c3600000, 0x00000000c3600000| Untracked 
|   5|0x00000000c3700000, 0x00000000c3700000, 0x00000000c3800000|  0%| F|  |TAMS 0x00000000c3700000, 0x00000000c3700000| Untracked 
|   6|0x00000000c3800000, 0x00000000c3800000, 0x00000000c3900000|  0%| F|  |TAMS 0x00000000c3800000, 0x00000000c3800000| Untracked 
|   7|0x00000000c3900000, 0x00000000c3900000, 0x00000000c3a00000|  0%| F|  |TAMS 0x00000000c3900000, 0x00000000c3900000| Untracked 
|   8|0x00000000c3a00000, 0x00000000c3a00000, 0x00000000c3b00000|  0%| F|  |TAMS 0x00000000c3a00000, 0x00000000c3a00000| Untracked 
|   9|0x00000000c3b00000, 0x00000000c3b00000, 0x00000000c3c00000|  0%| F|  |TAMS 0x00000000c3b00000, 0x00000000c3b00000| Untracked 
|  10|0x00000000c3c00000, 0x00000000c3c00000, 0x00000000c3d00000|  0%| F|  |TAMS 0x00000000c3c00000, 0x00000000c3c00000| Untracked 
|  11|0x00000000c3d00000, 0x00000000c3d00000, 0x00000000c3e00000|  0%| F|  |TAMS 0x00000000c3d00000, 0x00000000c3d00000| Untracked 
|  12|0x00000000c3e00000, 0x00000000c3e00000, 0x00000000c3f00000|  0%| F|  |TAMS 0x00000000c3e00000, 0x00000000c3e00000| Untracked 
|  13|0x00000000c3f00000, 0x00000000c3f00000, 0x00000000c4000000|  0%| F|  |TAMS 0x00000000c3f00000, 0x00000000c3f00000| Untracked 
|  14|0x00000000c4000000, 0x00000000c4000000, 0x00000000c4100000|  0%| F|  |TAMS 0x00000000c4000000, 0x00000000c4000000| Untracked 
|  15|0x00000000c4100000, 0x00000000c4100000, 0x00000000c4200000|  0%| F|  |TAMS 0x00000000c4100000, 0x00000000c4100000| Untracked 
|  16|0x00000000c4200000, 0x00000000c4200000, 0x00000000c4300000|  0%| F|  |TAMS 0x00000000c4200000, 0x00000000c4200000| Untracked 
|  17|0x00000000c4300000, 0x00000000c4300000, 0x00000000c4400000|  0%| F|  |TAMS 0x00000000c4300000, 0x00000000c4300000| Untracked 
|  18|0x00000000c4400000, 0x00000000c4400000, 0x00000000c4500000|  0%| F|  |TAMS 0x00000000c4400000, 0x00000000c4400000| Untracked 
|  19|0x00000000c4500000, 0x00000000c4500000, 0x00000000c4600000|  0%| F|  |TAMS 0x00000000c4500000, 0x00000000c4500000| Untracked 
|  20|0x00000000c4600000, 0x00000000c4600000, 0x00000000c4700000|  0%| F|  |TAMS 0x00000000c4600000, 0x00000000c4600000| Untracked 
|  21|0x00000000c4700000, 0x00000000c4700000, 0x00000000c4800000|  0%| F|  |TAMS 0x00000000c4700000, 0x00000000c4700000| Untracked 
|  22|0x00000000c4800000, 0x00000000c4800000, 0x00000000c4900000|  0%| F|  |TAMS 0x00000000c4800000, 0x00000000c4800000| Untracked 
|  23|0x00000000c4900000, 0x00000000c4900000, 0x00000000c4a00000|  0%| F|  |TAMS 0x00000000c4900000, 0x00000000c4900000| Untracked 
|  24|0x00000000c4a00000, 0x00000000c4a00000, 0x00000000c4b00000|  0%| F|  |TAMS 0x00000000c4a00000, 0x00000000c4a00000| Untracked 
|  25|0x00000000c4b00000, 0x00000000c4b00000, 0x00000000c4c00000|  0%| F|  |TAMS 0x00000000c4b00000, 0x00000000c4b00000| Untracked 
|  26|0x00000000c4c00000, 0x00000000c4c00000, 0x00000000c4d00000|  0%| F|  |TAMS 0x00000000c4c00000, 0x00000000c4c00000| Untracked 
|  27|0x00000000c4d00000, 0x00000000c4d00000, 0x00000000c4e00000|  0%| F|  |TAMS 0x00000000c4d00000, 0x00000000c4d00000| Untracked 
|  28|0x00000000c4e00000, 0x00000000c4e00000, 0x00000000c4f00000|  0%| F|  |TAMS 0x00000000c4e00000, 0x00000000c4e00000| Untracked 
|  29|0x00000000c4f00000, 0x00000000c4f00000, 0x00000000c5000000|  0%| F|  |TAMS 0x00000000c4f00000, 0x00000000c4f00000| Untracked 
|  30|0x00000000c5000000, 0x00000000c5000000, 0x00000000c5100000|  0%| F|  |TAMS 0x00000000c5000000, 0x00000000c5000000| Untracked 
|  31|0x00000000c5100000, 0x00000000c5100000, 0x00000000c5200000|  0%| F|  |TAMS 0x00000000c5100000, 0x00000000c5100000| Untracked 
|  32|0x00000000c5200000, 0x00000000c5200000, 0x00000000c5300000|  0%| F|  |TAMS 0x00000000c5200000, 0x00000000c5200000| Untracked 
|  33|0x00000000c5300000, 0x00000000c5300000, 0x00000000c5400000|  0%| F|  |TAMS 0x00000000c5300000, 0x00000000c5300000| Untracked 
|  34|0x00000000c5400000, 0x00000000c5400000, 0x00000000c5500000|  0%| F|  |TAMS 0x00000000c5400000, 0x00000000c5400000| Untracked 
|  35|0x00000000c5500000, 0x00000000c5500000, 0x00000000c5600000|  0%| F|  |TAMS 0x00000000c5500000, 0x00000000c5500000| Untracked 
|  36|0x00000000c5600000, 0x00000000c5600000, 0x00000000c5700000|  0%| F|  |TAMS 0x00000000c5600000, 0x00000000c5600000| Untracked 
|  37|0x00000000c5700000, 0x00000000c5700000, 0x00000000c5800000|  0%| F|  |TAMS 0x00000000c5700000, 0x00000000c5700000| Untracked 
|  38|0x00000000c5800000, 0x00000000c5800000, 0x00000000c5900000|  0%| F|  |TAMS 0x00000000c5800000, 0x00000000c5800000| Untracked 
|  39|0x00000000c5900000, 0x00000000c5900000, 0x00000000c5a00000|  0%| F|  |TAMS 0x00000000c5900000, 0x00000000c5900000| Untracked 
|  40|0x00000000c5a00000, 0x00000000c5a00000, 0x00000000c5b00000|  0%| F|  |TAMS 0x00000000c5a00000, 0x00000000c5a00000| Untracked 
|  41|0x00000000c5b00000, 0x00000000c5b00000, 0x00000000c5c00000|  0%| F|  |TAMS 0x00000000c5b00000, 0x00000000c5b00000| Untracked 
|  42|0x00000000c5c00000, 0x00000000c5c00000, 0x00000000c5d00000|  0%| F|  |TAMS 0x00000000c5c00000, 0x00000000c5c00000| Untracked 
|  43|0x00000000c5d00000, 0x00000000c5d00000, 0x00000000c5e00000|  0%| F|  |TAMS 0x00000000c5d00000, 0x00000000c5d00000| Untracked 
|  44|0x00000000c5e00000, 0x00000000c5e00000, 0x00000000c5f00000|  0%| F|  |TAMS 0x00000000c5e00000, 0x00000000c5e00000| Untracked 
|  45|0x00000000c5f00000, 0x00000000c5f00000, 0x00000000c6000000|  0%| F|  |TAMS 0x00000000c5f00000, 0x00000000c5f00000| Untracked 
|  46|0x00000000c6000000, 0x00000000c6000000, 0x00000000c6100000|  0%| F|  |TAMS 0x00000000c6000000, 0x00000000c6000000| Untracked 
|  47|0x00000000c6100000, 0x00000000c6100000, 0x00000000c6200000|  0%| F|  |TAMS 0x00000000c6100000, 0x00000000c6100000| Untracked 
|  48|0x00000000c6200000, 0x00000000c6200000, 0x00000000c6300000|  0%| F|  |TAMS 0x00000000c6200000, 0x00000000c6200000| Untracked 
|  49|0x00000000c6300000, 0x00000000c6300000, 0x00000000c6400000|  0%| F|  |TAMS 0x00000000c6300000, 0x00000000c6300000| Untracked 
|  50|0x00000000c6400000, 0x00000000c6400000, 0x00000000c6500000|  0%| F|  |TAMS 0x00000000c6400000, 0x00000000c6400000| Untracked 
|  51|0x00000000c6500000, 0x00000000c6500000, 0x00000000c6600000|  0%| F|  |TAMS 0x00000000c6500000, 0x00000000c6500000| Untracked 
|  52|0x00000000c6600000, 0x00000000c6678278, 0x00000000c6700000| 46%| E|  |TAMS 0x00000000c6600000, 0x00000000c6600000| Complete 
|  53|0x00000000c6700000, 0x00000000c6800000, 0x00000000c6800000|100%| E|CS|TAMS 0x00000000c6700000, 0x00000000c6700000| Complete 
|  54|0x00000000c6800000, 0x00000000c6900000, 0x00000000c6900000|100%| E|CS|TAMS 0x00000000c6800000, 0x00000000c6800000| Complete 
|  55|0x00000000c6900000, 0x00000000c6a00000, 0x00000000c6a00000|100%| E|CS|TAMS 0x00000000c6900000, 0x00000000c6900000| Complete 
|  56|0x00000000c6a00000, 0x00000000c6b00000, 0x00000000c6b00000|100%| E|CS|TAMS 0x00000000c6a00000, 0x00000000c6a00000| Complete 
|  57|0x00000000c6b00000, 0x00000000c6c00000, 0x00000000c6c00000|100%| E|CS|TAMS 0x00000000c6b00000, 0x00000000c6b00000| Complete 
|  58|0x00000000c6c00000, 0x00000000c6d00000, 0x00000000c6d00000|100%| E|CS|TAMS 0x00000000c6c00000, 0x00000000c6c00000| Complete 
|  59|0x00000000c6d00000, 0x00000000c6e00000, 0x00000000c6e00000|100%| E|CS|TAMS 0x00000000c6d00000, 0x00000000c6d00000| Complete 
|  60|0x00000000c6e00000, 0x00000000c6f00000, 0x00000000c6f00000|100%| E|CS|TAMS 0x00000000c6e00000, 0x00000000c6e00000| Complete 
|  61|0x00000000c6f00000, 0x00000000c7000000, 0x00000000c7000000|100%| E|CS|TAMS 0x00000000c6f00000, 0x00000000c6f00000| Complete 

Card table byte_map: [0x000001bba9170000,0x000001bba9360000] _byte_map_base: 0x000001bba8b57000

Marking Bits (Prev, Next): (CMBitMap*) 0x000001bb904ed460, (CMBitMap*) 0x000001bb904ed4a0
 Prev Bits: [0x000001bba9550000, 0x000001bbaa488000)
 Next Bits: [0x000001bbaa490000, 0x000001bbab3c8000)

Polling page: 0x000001bb90580000

Metaspace:

Usage:
  Non-class:      2.15 MB used.
      Class:    244.20 KB used.
       Both:      2.39 MB used.

Virtual space:
  Non-class space:        8.00 MB reserved,       2.19 MB ( 27%) committed,  1 nodes.
      Class space:        1.00 GB reserved,     320.00 KB ( <1%) committed,  1 nodes.
             Both:        1.01 GB reserved,       2.50 MB ( <1%) committed. 

Chunk freelists:
   Non-Class:  2.80 MB
       Class:  3.58 MB
        Both:  6.37 MB

MaxMetaspaceSize: unlimited
CompressedClassSpaceSize: 1.00 GB
Initial GC threshold: 21.00 MB
Current GC threshold: 21.00 MB
CDS: on
MetaspaceReclaimPolicy: balanced
 - commit_granule_bytes: 65536.
 - commit_granule_words: 8192.
 - virtual_space_node_default_size: 1048576.
 - enlarge_chunks_in_place: 1.
 - new_chunks_are_fully_committed: 0.
 - uncommit_free_chunks: 1.
 - use_allocation_guard: 0.
 - handle_deallocations: 1.


Internal statistics:

num_allocs_failed_limit: 0.
num_arena_births: 12.
num_arena_deaths: 0.
num_vsnodes_births: 2.
num_vsnodes_deaths: 0.
num_space_committed: 40.
num_space_uncommitted: 0.
num_chunks_returned_to_freelist: 0.
num_chunks_taken_from_freelist: 78.
num_chunk_merges: 0.
num_chunk_splits: 55.
num_chunks_enlarged: 44.
num_purges: 0.
num_inconsistent_stats: 0.

CodeHeap 'non-profiled nmethods': size=120000Kb used=172Kb max_used=172Kb free=119827Kb
 bounds [0x000001bba0fe0000, 0x000001bba1250000, 0x000001bba8510000]
CodeHeap 'profiled nmethods': size=120000Kb used=957Kb max_used=957Kb free=119042Kb
 bounds [0x000001bb99ab0000, 0x000001bb99d20000, 0x000001bba0fe0000]
CodeHeap 'non-nmethods': size=5760Kb used=1131Kb max_used=1147Kb free=4629Kb
 bounds [0x000001bb99510000, 0x000001bb99780000, 0x000001bb99ab0000]
 total_blobs=987 nmethods=573 adapters=327
 compilation: enabled
              stopped_count=0, restarted_count=0
 full_count=0

Compilation events (20 events):
Event: 0.257 Thread 0x000001bbade25940  555       3       java.lang.invoke.MethodType$ConcurrentWeakInternSet::expungeStaleElements (27 bytes)
Event: 0.257 Thread 0x000001bbade25940 nmethod 555 0x000001bb99b9c610 code [0x000001bb99b9c7e0, 0x000001bb99b9ccb8]
Event: 0.257 Thread 0x000001bbade25940  560       3       java.lang.invoke.MethodType$ConcurrentWeakInternSet::get (47 bytes)
Event: 0.257 Thread 0x000001bbaddfcf30 nmethod 551 0x000001bba1007410 code [0x000001bba10075a0, 0x000001bba10078c8]
Event: 0.257 Thread 0x000001bbaddfcf30  558       4       java.util.Objects::requireNonNull (14 bytes)
Event: 0.257 Thread 0x000001bbade25940 nmethod 560 0x000001bb99b9ce90 code [0x000001bb99b9d0c0, 0x000001bb99b9da58]
Event: 0.257 Thread 0x000001bbade25940  562       3       java.lang.StringUTF16::getChar (60 bytes)
Event: 0.257 Thread 0x000001bbaddfcf30 nmethod 558 0x000001bba1007b90 code [0x000001bba1007d00, 0x000001bba1007d78]
Event: 0.258 Thread 0x000001bbade25940 nmethod 562 0x000001bb99b9dd90 code [0x000001bb99b9df20, 0x000001bb99b9e098]
Event: 0.258 Thread 0x000001bbade25940  561       3       jdk.internal.ref.CleanerFactory::cleaner (4 bytes)
Event: 0.258 Thread 0x000001bbaddfcf30  563       4       java.lang.StringUTF16::getChar (60 bytes)
Event: 0.258 Thread 0x000001bbade25940 nmethod 561 0x000001bb99b9e190 code [0x000001bb99b9e320, 0x000001bb99b9e418]
Event: 0.258 Thread 0x000001bbade25940  557       1       java.lang.module.ModuleDescriptor::isOpen (5 bytes)
Event: 0.258 Thread 0x000001bbade25940 nmethod 557 0x000001bba1007e90 code [0x000001bba1008020, 0x000001bba10080f8]
Event: 0.258 Thread 0x000001bbaddfcf30 nmethod 563 0x000001bba1008190 code [0x000001bba1008300, 0x000001bba10083d8]
Event: 0.258 Thread 0x000001bbade25940  564       3       java.lang.AbstractStringBuilder::isLatin1 (19 bytes)
Event: 0.258 Thread 0x000001bbade25940 nmethod 564 0x000001bb99b9e490 code [0x000001bb99b9e620, 0x000001bb99b9e798]
Event: 0.258 Thread 0x000001bbade25940  565       3       java.lang.String::checkIndex (48 bytes)
Event: 0.259 Thread 0x000001bbade25940 nmethod 565 0x000001bb99b9e810 code [0x000001bb99b9ea60, 0x000001bb99b9f238]
Event: 0.259 Thread 0x000001bbade25940  566       3       java.net.URLStreamHandler::parseURL (1201 bytes)

GC Heap History (0 events):
No events

Deoptimization events (18 events):
Event: 0.143 Thread 0x000001bb904b1040 Uncommon trap: trap_request=0xffffff45 fr.pc=0x000001bba0feaae4 relative=0x0000000000000064
Event: 0.143 Thread 0x000001bb904b1040 Uncommon trap: reason=unstable_if action=reinterpret pc=0x000001bba0feaae4 method=java.io.WinNTFileSystem.isSlash(C)Z @ 9 c2
Event: 0.143 Thread 0x000001bb904b1040 DEOPT PACKING pc=0x000001bba0feaae4 sp=0x000000860ebfdfb0
Event: 0.143 Thread 0x000001bb904b1040 DEOPT UNPACKING pc=0x000001bb995623a3 sp=0x000000860ebfdf38 mode 2
Event: 0.192 Thread 0x000001bb904b1040 Uncommon trap: trap_request=0xffffff45 fr.pc=0x000001bba0fece30 relative=0x0000000000000190
Event: 0.192 Thread 0x000001bb904b1040 Uncommon trap: reason=unstable_if action=reinterpret pc=0x000001bba0fece30 method=java.util.zip.ZipFile$Source.isMetaName([BII)Z @ 43 c2
Event: 0.192 Thread 0x000001bb904b1040 DEOPT PACKING pc=0x000001bba0fece30 sp=0x000000860ebfd1b0
Event: 0.192 Thread 0x000001bb904b1040 DEOPT UNPACKING pc=0x000001bb995623a3 sp=0x000000860ebfd158 mode 2
Event: 0.232 Thread 0x000001bb904b1040 DEOPT PACKING pc=0x000001bb99af89e5 sp=0x000000860ebfd0c0
Event: 0.232 Thread 0x000001bb904b1040 DEOPT UNPACKING pc=0x000001bb99562b43 sp=0x000000860ebfc510 mode 0
Event: 0.255 Thread 0x000001bb904b1040 Uncommon trap: trap_request=0xffffff45 fr.pc=0x000001bba0fe6b68 relative=0x0000000000000448
Event: 0.255 Thread 0x000001bb904b1040 Uncommon trap: reason=unstable_if action=reinterpret pc=0x000001bba0fe6b68 method=java.lang.StringLatin1.canEncode(I)Z @ 4 c2
Event: 0.255 Thread 0x000001bb904b1040 DEOPT PACKING pc=0x000001bba0fe6b68 sp=0x000000860ebfd810
Event: 0.255 Thread 0x000001bb904b1040 DEOPT UNPACKING pc=0x000001bb995623a3 sp=0x000000860ebfd738 mode 2
Event: 0.255 Thread 0x000001bb904b1040 Uncommon trap: trap_request=0xffffff45 fr.pc=0x000001bba0fe89dc relative=0x000000000000005c
Event: 0.255 Thread 0x000001bb904b1040 Uncommon trap: reason=unstable_if action=reinterpret pc=0x000001bba0fe89dc method=java.lang.AbstractStringBuilder.isLatin1()Z @ 10 c2
Event: 0.255 Thread 0x000001bb904b1040 DEOPT PACKING pc=0x000001bba0fe89dc sp=0x000000860ebfd7e0
Event: 0.255 Thread 0x000001bb904b1040 DEOPT UNPACKING pc=0x000001bb995623a3 sp=0x000000860ebfd770 mode 2

Classes unloaded (0 events):
No events

Classes redefined (0 events):
No events

Internal exceptions (9 events):
Event: 0.156 Thread 0x000001bb904b1040 Exception <a 'java/lang/NullPointerException'{0x00000000c6c83688}> (0x00000000c6c83688) 
thrown [s\open\src\hotspot\share\interpreter\linkResolver.cpp, line 1350]
Event: 0.165 Thread 0x000001bb904b1040 Exception <a 'java/lang/NullPointerException'{0x00000000c6cb2f58}> (0x00000000c6cb2f58) 
thrown [s\open\src\hotspot\share\interpreter\linkResolver.cpp, line 1350]
Event: 0.165 Thread 0x000001bb904b1040 Exception <a 'java/lang/NullPointerException'{0x00000000c6cb3230}> (0x00000000c6cb3230) 
thrown [s\open\src\hotspot\share\interpreter\linkResolver.cpp, line 1350]
Event: 0.165 Thread 0x000001bb904b1040 Exception <a 'java/lang/NullPointerException'{0x00000000c6cb3508}> (0x00000000c6cb3508) 
thrown [s\open\src\hotspot\share\interpreter\linkResolver.cpp, line 1350]
Event: 0.165 Thread 0x000001bb904b1040 Exception <a 'java/lang/NullPointerException'{0x00000000c6cb8e88}> (0x00000000c6cb8e88) 
thrown [s\open\src\hotspot\share\interpreter\linkResolver.cpp, line 1350]
Event: 0.166 Thread 0x000001bb904b1040 Exception <a 'java/lang/NullPointerException'{0x00000000c6cce240}> (0x00000000c6cce240) 
thrown [s\open\src\hotspot\share\interpreter\linkResolver.cpp, line 1350]
Event: 0.167 Thread 0x000001bb904b1040 Exception <a 'java/lang/NullPointerException'{0x00000000c6cce518}> (0x00000000c6cce518) 
thrown [s\open\src\hotspot\share\interpreter\linkResolver.cpp, line 1350]
Event: 0.167 Thread 0x000001bb904b1040 Exception <a 'java/lang/NullPointerException'{0x00000000c6cce7f0}> (0x00000000c6cce7f0) 
thrown [s\open\src\hotspot\share\interpreter\linkResolver.cpp, line 1350]
Event: 0.167 Thread 0x000001bb904b1040 Exception <a 'java/lang/NullPointerException'{0x00000000c6cceac8}> (0x00000000c6cceac8) 
thrown [s\open\src\hotspot\share\interpreter\linkResolver.cpp, line 1350]

VM Operations (8 events):
Event: 0.055 Executing VM operation: HandshakeAllThreads
Event: 0.055 Executing VM operation: HandshakeAllThreads done
Event: 0.155 Executing VM operation: HandshakeAllThreads
Event: 0.155 Executing VM operation: HandshakeAllThreads done
Event: 0.160 Executing VM operation: HandshakeAllThreads
Event: 0.160 Executing VM operation: HandshakeAllThreads done
Event: 0.230 Executing VM operation: HandshakeAllThreads
Event: 0.230 Executing VM operation: HandshakeAllThreads done

Events (20 events):
Event: 0.220 loading class java/util/ArrayList$ListItr
Event: 0.220 loading class java/util/ArrayList$ListItr done
Event: 0.225 loading class java/lang/TypeNotPresentException
Event: 0.225 loading class java/lang/TypeNotPresentException done
Event: 0.226 loading class jdk/internal/misc/ScopedMemoryAccess$Scope
Event: 0.226 loading class jdk/internal/misc/ScopedMemoryAccess$Scope done
Event: 0.229 loading class java/util/concurrent/atomic/AtomicReference
Event: 0.229 loading class java/util/concurrent/atomic/AtomicReference done
Event: 0.234 loading class java/text/ParseException
Event: 0.234 loading class java/text/ParseException done
Event: 0.237 loading class sun/util/calendar/ZoneInfoFile$Checksum
Event: 0.237 loading class sun/util/calendar/ZoneInfoFile$Checksum done
Event: 0.238 loading class jdk/internal/module/ModulePatcher$PatchedModuleReader
Event: 0.238 loading class jdk/internal/module/ModulePatcher$PatchedModuleReader done
Event: 0.238 loading class sun/net/www/protocol/jrt/Handler
Event: 0.238 loading class sun/net/www/protocol/jrt/Handler done
Event: 0.255 loading class sun/text/resources/cldr/FormatData_en
Event: 0.255 loading class sun/text/resources/cldr/FormatData_en done
Event: 0.255 loading class sun/text/resources/cldr/FormatData_en_US
Event: 0.255 loading class sun/text/resources/cldr/FormatData_en_US done


Dynamic libraries:
0x00007ff6eaa10000 - 0x00007ff6eaa20000 	C:\Program Files\Java\jdk-17.0.5\bin\java.exe
0x00007ffcd97d0000 - 0x00007ffcd99e4000 	C:\WINDOWS\SYSTEM32\ntdll.dll
0x00007ffcd7be0000 - 0x00007ffcd7ca2000 	C:\WINDOWS\System32\KERNEL32.DLL
0x00007ffcd6ec0000 - 0x00007ffcd725d000 	C:\WINDOWS\System32\KERNELBASE.dll
0x00007ffcd72d0000 - 0x00007ffcd73e1000 	C:\WINDOWS\System32\ucrtbase.dll
0x00007ffcb7890000 - 0x00007ffcb78a8000 	C:\Program Files\Java\jdk-17.0.5\bin\jli.dll
0x00007ffcb6840000 - 0x00007ffcb685a000 	C:\Program Files\Java\jdk-17.0.5\bin\VCRUNTIME140.dll
0x00007ffcd8b70000 - 0x00007ffcd8c1e000 	C:\WINDOWS\System32\ADVAPI32.dll
0x00007ffcd7b30000 - 0x00007ffcd7bd7000 	C:\WINDOWS\System32\msvcrt.dll
0x00007ffcd8030000 - 0x00007ffcd80d4000 	C:\WINDOWS\System32\sechost.dll
0x00007ffcd8a50000 - 0x00007ffcd8b65000 	C:\WINDOWS\System32\RPCRT4.dll
0x00007ffcd9550000 - 0x00007ffcd96fd000 	C:\WINDOWS\System32\USER32.dll
0x00007ffcd7470000 - 0x00007ffcd7496000 	C:\WINDOWS\System32\win32u.dll
0x00007ffcd9700000 - 0x00007ffcd9729000 	C:\WINDOWS\System32\GDI32.dll
0x00007ffcd74a0000 - 0x00007ffcd75b2000 	C:\WINDOWS\System32\gdi32full.dll
0x00007ffcb60e0000 - 0x00007ffcb636e000 	C:\WINDOWS\WinSxS\amd64_microsoft.windows.common-controls_6595b64144ccf1df_6.0.22621.608_none_a9444ca7c10bb01d\COMCTL32.dll
0x00007ffcd6e20000 - 0x00007ffcd6eba000 	C:\WINDOWS\System32\msvcp_win.dll
0x00007ffcca9a0000 - 0x00007ffcca9aa000 	C:\WINDOWS\SYSTEM32\VERSION.dll
0x00007ffcd9200000 - 0x00007ffcd9232000 	C:\WINDOWS\System32\IMM32.DLL
0x00007ffcb72e0000 - 0x00007ffcb72ec000 	C:\Program Files\Java\jdk-17.0.5\bin\vcruntime140_1.dll
0x00007ffc96b30000 - 0x00007ffc96bbd000 	C:\Program Files\Java\jdk-17.0.5\bin\msvcp140.dll
0x00007ffc11b20000 - 0x00007ffc126e2000 	C:\Program Files\Java\jdk-17.0.5\bin\server\jvm.dll
0x00007ffcd76c0000 - 0x00007ffcd76c8000 	C:\WINDOWS\System32\PSAPI.DLL
0x00007ffcb7a30000 - 0x00007ffcb7a39000 	C:\WINDOWS\SYSTEM32\WSOCK32.dll
0x00007ffcd0a40000 - 0x00007ffcd0a74000 	C:\WINDOWS\SYSTEM32\WINMM.dll
0x00007ffcd90a0000 - 0x00007ffcd9111000 	C:\WINDOWS\System32\WS2_32.dll
0x00007ffcd5d40000 - 0x00007ffcd5d58000 	C:\WINDOWS\SYSTEM32\kernel.appcore.dll
0x00007ffcb71d0000 - 0x00007ffcb71da000 	C:\Program Files\Java\jdk-17.0.5\bin\jimage.dll
0x00007ffcd4540000 - 0x00007ffcd476e000 	C:\WINDOWS\SYSTEM32\DBGHELP.DLL
0x00007ffcd76e0000 - 0x00007ffcd7a6a000 	C:\WINDOWS\System32\combase.dll
0x00007ffcd9120000 - 0x00007ffcd91f7000 	C:\WINDOWS\System32\OLEAUT32.dll
0x00007ffcd0a00000 - 0x00007ffcd0a32000 	C:\WINDOWS\SYSTEM32\dbgcore.DLL
0x00007ffcd73f0000 - 0x00007ffcd746b000 	C:\WINDOWS\System32\bcryptPrimitives.dll
0x00007ffcb6790000 - 0x00007ffcb67b5000 	C:\Program Files\Java\jdk-17.0.5\bin\java.dll
0x00007ffcb2d70000 - 0x00007ffcb2e46000 	C:\Program Files\Java\jdk-17.0.5\bin\jsvml.dll
0x00007ffcd80e0000 - 0x00007ffcd88cf000 	C:\WINDOWS\System32\SHELL32.dll
0x00007ffcd4c30000 - 0x00007ffcd54f8000 	C:\WINDOWS\SYSTEM32\windows.storage.dll
0x00007ffcd4af0000 - 0x00007ffcd4c2e000 	C:\WINDOWS\SYSTEM32\wintypes.dll
0x00007ffcd75c0000 - 0x00007ffcd76b1000 	C:\WINDOWS\System32\SHCORE.dll
0x00007ffcd9730000 - 0x00007ffcd978e000 	C:\WINDOWS\System32\shlwapi.dll
0x00007ffcd6b20000 - 0x00007ffcd6b41000 	C:\WINDOWS\SYSTEM32\profapi.dll
0x00007ffcb67e0000 - 0x00007ffcb67f9000 	C:\Program Files\Java\jdk-17.0.5\bin\net.dll
0x00007ffccdfa0000 - 0x00007ffcce0cf000 	C:\WINDOWS\SYSTEM32\WINHTTP.dll
0x00007ffcd61a0000 - 0x00007ffcd6209000 	C:\WINDOWS\system32\mswsock.dll
0x00007ffcb6770000 - 0x00007ffcb6786000 	C:\Program Files\Java\jdk-17.0.5\bin\nio.dll
0x00007ffcb6580000 - 0x00007ffcb6598000 	C:\Program Files\Java\jdk-17.0.5\bin\zip.dll
0x0000000069ac0000 - 0x0000000069ae4000 	C:\Program Files\NetBeans-15\netbeans\java\maven\lib\jansi-native\Windows\x86_64\jansi.dll
0x00007ffcb6570000 - 0x00007ffcb6580000 	C:\Program Files\Java\jdk-17.0.5\bin\verify.dll

dbghelp: loaded successfully - version: 4.0.5 - missing functions: none
symbol engine: initialized successfully - sym options: 0x614 - pdb path: .;C:\Program Files\Java\jdk-17.0.5\bin;C:\WINDOWS\SYSTEM32;C:\WINDOWS\WinSxS\amd64_microsoft.windows.common-controls_6595b64144ccf1df_6.0.22621.608_none_a9444ca7c10bb01d;C:\Program Files\Java\jdk-17.0.5\bin\server;C:\Program Files\NetBeans-15\netbeans\java\maven\lib\jansi-native\Windows\x86_64

VM Arguments:
jvm_args: -Dclassworlds.conf=C:\Program Files\NetBeans-15\netbeans\java\maven\bin\m2.conf -Dmaven.home=C:\Program Files\NetBeans-15\netbeans\java\maven -Dlibrary.jansi.path=C:\Program Files\NetBeans-15\netbeans\java\maven\lib\jansi-native -Dmaven.multiModuleProjectDirectory=C:\Users\pdo18\Desktop\DUAN 
java_command: org.codehaus.plexus.classworlds.launcher.Launcher -Dexec.vmArgs= -Dexec.args=${exec.vmArgs} -classpath %classpath ${exec.mainClass} ${exec.appArgs} -Dexec.executable=C:\Program Files\Java\jdk-17.0.5\bin\java.exe -Dexec.mainClass=poly.edu.ui.MainJFrame -Dexec.classpathScope=runtime -Dexec.appArgs= -Dmaven.ext.class.path=C:\Program Files\NetBeans-15\netbeans\java\maven-nblib\netbeans-eventspy.jar -Dfile.encoding=UTF-8 org.codehaus.mojo:exec-maven-plugin:3.0.0:exec
java_class_path (initial): C:\Program Files\NetBeans-15\netbeans\java\maven\boot\plexus-classworlds-2.6.0.jar
Launcher Type: SUN_STANDARD

[Global flags]
     intx CICompilerCount                          = 4                                         {product} {ergonomic}
     uint ConcGCThreads                            = 2                                         {product} {ergonomic}
     uint G1ConcRefinementThreads                  = 8                                         {product} {ergonomic}
   size_t G1HeapRegionSize                         = 1048576                                   {product} {ergonomic}
    uintx GCDrainStackTargetSize                   = 64                                        {product} {ergonomic}
   size_t InitialHeapSize                          = 65011712                                  {product} {ergonomic}
   size_t MarkStackSize                            = 4194304                                   {product} {ergonomic}
   size_t MaxHeapSize                              = 1021313024                                {product} {ergonomic}
   size_t MaxNewSize                               = 612368384                                 {product} {ergonomic}
   size_t MinHeapDeltaBytes                        = 1048576                                   {product} {ergonomic}
   size_t MinHeapSize                              = 8388608                                   {product} {ergonomic}
    uintx NonNMethodCodeHeapSize                   = 5839372                                {pd product} {ergonomic}
    uintx NonProfiledCodeHeapSize                  = 122909434                              {pd product} {ergonomic}
    uintx ProfiledCodeHeapSize                     = 122909434                              {pd product} {ergonomic}
    uintx ReservedCodeCacheSize                    = 251658240                              {pd product} {ergonomic}
     bool SegmentedCodeCache                       = true                                      {product} {ergonomic}
   size_t SoftMaxHeapSize                          = 1021313024                             {manageable} {ergonomic}
     bool UseCompressedClassPointers               = true                           {product lp64_product} {ergonomic}
     bool UseCompressedOops                        = true                           {product lp64_product} {ergonomic}
     bool UseG1GC                                  = true                                      {product} {ergonomic}
     bool UseLargePagesIndividualAllocation        = false                                  {pd product} {ergonomic}

Logging:
Log output configuration:
 #0: stdout all=warning uptime,level,tags
 #1: stderr all=off uptime,level,tags

Environment Variables:
JAVA_HOME=C:\Program Files\Java\jdk-17.0.5
PATH=C:\Program Files\Java\jdk-17.0.5\bin;C:\Program Files\Common Files\Oracle\Java\javapath;C:\Windows\system32;C:\Windows;C:\Windows\System32\Wbem;C:\Windows\System32\WindowsPowerShell\v1.0\;C:\Windows\System32\OpenSSH\;C:\Program Files (x86)\NVIDIA Corporation\PhysX\Common;C:\Program Files\NVIDIA Corporation\NVIDIA NvDLISR;C:\WINDOWS\system32;C:\WINDOWS;C:\WINDOWS\System32\Wbem;C:\WINDOWS\System32\WindowsPowerShell\v1.0\;C:\WINDOWS\System32\OpenSSH\;C:\Program Files\Azure Data Studio\bin;C:\Program Files\Microsoft SQL Server\Client SDK\ODBC\170\Tools\Binn\;C:\Program Files (x86)\Microsoft SQL Server\150\Tools\Binn\;C:\Program Files\Microsoft SQL Server\150\Tools\Binn\;C:\Program Files\Microsoft SQL Server\150\DTS\Binn\;C:\Program Files (x86)\Microsoft SQL Server\150\DTS\Binn\;C:\Users\pdo18\AppData\Local\Microsoft\WindowsApps;;C:\Program Files\JetBrains\IntelliJ IDEA Community Edition 2022.2.3\bin;;C:\Program Files\Azure Data Studio\bin;C:\Users\pdo18\AppData\Local\Programs\Microsoft VS Code\bin
USERNAME=pdo18
OS=Windows_NT
PROCESSOR_IDENTIFIER=Intel64 Family 6 Model 165 Stepping 2, GenuineIntel



---------------  S Y S T E M  ---------------

OS:
 Windows 11 , 64 bit Build 22621 (10.0.22621.900)
OS uptime: 0 days 14:13 hours

CPU: total 8 (initial active 8) (4 cores per cpu, 2 threads per core) family 6 model 165 stepping 2 microcode 0xf0, cx8, cmov, fxsr, ht, mmx, 3dnowpref, sse, sse2, sse3, ssse3, sse4.1, sse4.2, popcnt, lzcnt, tsc, tscinvbit, avx, avx2, aes, erms, clmul, bmi1, bmi2, adx, fma, vzeroupper, clflush, clflushopt

Memory: 4k page, system-wide physical 3889M (165M free)
TotalPageFile size 15665M (AvailPageFile size 0M)
current process WorkingSet (physical memory assigned to process): 50M, peak: 50M
current process commit charge ("private bytes"): 149M, peak: 150M

vm_info: Java HotSpot(TM) 64-Bit Server VM (17.0.5+9-LTS-191) for windows-amd64 JRE (17.0.5+9-LTS-191), built on Sep 13 2022 17:31:43 by "mach5one" with MS VC++ 16.8 / 16.9 (VS2019)

END.
