#
# There is insufficient memory for the Java Runtime Environment to continue.
# Native memory allocation (malloc) failed to allocate 501536 bytes for Chunk::new
# Possible reasons:
#   The system is out of physical RAM or swap space
#   The process is running with CompressedOops enabled, and the Java Heap may be blocking the growth of the native heap
# Possible solutions:
#   Reduce memory load on the system
#   Increase physical memory or swap space
#   Check if swap backing store is full
#   Decrease Java heap size (-Xmx/-Xms)
#   Decrease number of Java threads
#   Decrease Java thread stack sizes (-Xss)
#   Set larger code cache with -XX:ReservedCodeCacheSize=
#   JVM is running with Unscaled Compressed Oops mode in which the Java heap is
#     placed in the first 4GB address space. The Java Heap base address is the
#     maximum limit for the native heap growth. Please use -XX:HeapBaseMinAddress
#     to set the Java Heap base and to place the Java Heap above 4GB virtual address.
# This output file may be truncated or incomplete.
#
#  Out of Memory Error (arena.cpp:189), pid=1680, tid=5572
#
# JRE version: Java(TM) SE Runtime Environment (17.0.5+9) (build 17.0.5+9-LTS-191)
# Java VM: Java HotSpot(TM) 64-Bit Server VM (17.0.5+9-LTS-191, mixed mode, sharing, tiered, compressed oops, compressed class ptrs, g1 gc, windows-amd64)
# No core dump will be written. Minidumps are not enabled by default on client versions of Windows
#

---------------  S U M M A R Y ------------

Command Line: -Dclassworlds.conf=C:\Program Files\NetBeans-15\netbeans\java\maven\bin\m2.conf -Dmaven.home=C:\Program Files\NetBeans-15\netbeans\java\maven -Dlibrary.jansi.path=C:\Program Files\NetBeans-15\netbeans\java\maven\lib\jansi-native -Dmaven.multiModuleProjectDirectory=C:\Users\pdo18\Desktop\DUAN org.codehaus.plexus.classworlds.launcher.Launcher -Dexec.vmArgs= -Dexec.args=${exec.vmArgs} -classpath %classpath ${exec.mainClass} ${exec.appArgs} -Dexec.executable=C:\Program Files\Java\jdk-17.0.5\bin\java.exe -Dexec.mainClass=poly.edu.ui.MainJFrame -Dexec.classpathScope=runtime -Dexec.appArgs= -Dmaven.ext.class.path=C:\Program Files\NetBeans-15\netbeans\java\maven-nblib\netbeans-eventspy.jar -Dfile.encoding=UTF-8 org.codehaus.mojo:exec-maven-plugin:3.0.0:exec

Host: Intel(R) Core(TM) i5-10300H CPU @ 2.50GHz, 8 cores, 3G,  Windows 11 , 64 bit Build 22621 (10.0.22621.900)
Time: Mon Dec  5 02:12:17 2022 SE Asia Standard Time elapsed time: 1.124593 seconds (0d 0h 0m 1s)

---------------  T H R E A D  ---------------

Current thread (0x000002071113ea40):  JavaThread "C2 CompilerThread0" daemon [_thread_in_native, id=5572, stack(0x000000426ac00000,0x000000426ad00000)]


Current CompileTask:
C2:   1124 1752   !   4       java.net.URL::<init> (543 bytes)

Stack: [0x000000426ac00000,0x000000426ad00000]
Native frames: (J=compiled Java code, j=interpreted, Vv=VM code, C=native code)
V  [jvm.dll+0x672eea]
V  [jvm.dll+0x7d2a04]
V  [jvm.dll+0x7d41ae]
V  [jvm.dll+0x7d4813]
V  [jvm.dll+0x242c15]
V  [jvm.dll+0xaa57b]
V  [jvm.dll+0xaab0c]
V  [jvm.dll+0x2a997f]
V  [jvm.dll+0x57b307]
V  [jvm.dll+0x21de72]
V  [jvm.dll+0x2176a9]
V  [jvm.dll+0x214fdb]
V  [jvm.dll+0x1a18ed]
V  [jvm.dll+0x22493a]
V  [jvm.dll+0x222aa5]
V  [jvm.dll+0x7885db]
V  [jvm.dll+0x782b4a]
V  [jvm.dll+0x671d75]
C  [ucrtbase.dll+0x29363]
C  [KERNEL32.DLL+0x1247d]
C  [ntdll.dll+0x5dfb8]


---------------  P R O C E S S  ---------------

Threads class SMR info:
_java_thread_list=0x0000020711c61350, length=12, elements={
0x000002077577f540, 0x000002071111fea0, 0x0000020711122a60, 0x0000020711136990,
0x0000020711139450, 0x0000020711139e00, 0x000002071113a7b0, 0x000002071113ea40,
0x0000020711167500, 0x00000207111716d0, 0x0000020711ca1980, 0x0000020711ca5740
}

Java Threads: ( => current thread )
  0x000002077577f540 JavaThread "main" [_thread_in_vm, id=22444, stack(0x0000004269f00000,0x000000426a000000)]
  0x000002071111fea0 JavaThread "Reference Handler" daemon [_thread_blocked, id=7748, stack(0x000000426a600000,0x000000426a700000)]
  0x0000020711122a60 JavaThread "Finalizer" daemon [_thread_blocked, id=22032, stack(0x000000426a700000,0x000000426a800000)]
  0x0000020711136990 JavaThread "Signal Dispatcher" daemon [_thread_blocked, id=14904, stack(0x000000426a800000,0x000000426a900000)]
  0x0000020711139450 JavaThread "Attach Listener" daemon [_thread_blocked, id=24532, stack(0x000000426a900000,0x000000426aa00000)]
  0x0000020711139e00 JavaThread "Service Thread" daemon [_thread_blocked, id=9820, stack(0x000000426aa00000,0x000000426ab00000)]
  0x000002071113a7b0 JavaThread "Monitor Deflation Thread" daemon [_thread_blocked, id=23908, stack(0x000000426ab00000,0x000000426ac00000)]
=>0x000002071113ea40 JavaThread "C2 CompilerThread0" daemon [_thread_in_native, id=5572, stack(0x000000426ac00000,0x000000426ad00000)]
  0x0000020711167500 JavaThread "C1 CompilerThread0" daemon [_thread_in_native, id=23180, stack(0x000000426ad00000,0x000000426ae00000)]
  0x00000207111716d0 JavaThread "Sweeper thread" daemon [_thread_blocked, id=7744, stack(0x000000426ae00000,0x000000426af00000)]
  0x0000020711ca1980 JavaThread "Notification Thread" daemon [_thread_blocked, id=23840, stack(0x000000426af00000,0x000000426b000000)]
  0x0000020711ca5740 JavaThread "Common-Cleaner" daemon [_thread_blocked, id=23224, stack(0x000000426b100000,0x000000426b200000)]

Other Threads:
  0x000002077584b4b0 VMThread "VM Thread" [stack: 0x000000426a500000,0x000000426a600000] [id=22108]
  0x0000020711ca2c80 WatcherThread [stack: 0x000000426b000000,0x000000426b100000] [id=17028]
  0x00000207757ba150 GCTaskThread "GC Thread#0" [stack: 0x000000426a000000,0x000000426a100000] [id=24376]
  0x000002071257e310 GCTaskThread "GC Thread#1" [stack: 0x000000426b200000,0x000000426b300000] [id=18736]
  0x0000020712504f60 GCTaskThread "GC Thread#2" [stack: 0x000000426b300000,0x000000426b400000] [id=23980]
  0x00000207124bac00 GCTaskThread "GC Thread#3" [stack: 0x000000426b400000,0x000000426b500000] [id=18428]
  0x00000207124baeb0 GCTaskThread "GC Thread#4" [stack: 0x000000426b500000,0x000000426b600000] [id=24152]
  0x00000207124bb160 GCTaskThread "GC Thread#5" [stack: 0x000000426b600000,0x000000426b700000] [id=20948]
  0x00000207124bb410 GCTaskThread "GC Thread#6" [stack: 0x000000426b700000,0x000000426b800000] [id=21756]
  0x000002071257db50 GCTaskThread "GC Thread#7" [stack: 0x000000426b800000,0x000000426b900000] [id=6540]
  0x00000207757c41d0 ConcurrentGCThread "G1 Main Marker" [stack: 0x000000426a100000,0x000000426a200000] [id=24172]
  0x00000207757c5380 ConcurrentGCThread "G1 Conc#0" [stack: 0x000000426a200000,0x000000426a300000] [id=20040]
  0x0000020775816f20 ConcurrentGCThread "G1 Refine#0" [stack: 0x000000426a300000,0x000000426a400000] [id=4168]
  0x00000207758177e0 ConcurrentGCThread "G1 Service" [stack: 0x000000426a400000,0x000000426a500000] [id=23604]

Threads with active compile tasks:
C2 CompilerThread0     1151 1752   !   4       java.net.URL::<init> (543 bytes)
C1 CompilerThread0     1151 1866       3       java.lang.String::valueOf (15 bytes)

VM state: not at safepoint (normal execution)

VM Mutex/Monitor currently owned by a thread:  ([mutex/lock_event])
[0x0000020775778940] CodeCache_lock - owner thread: 0x0000000000000000

Heap address: 0x00000000c3200000, size: 974 MB, Compressed Oops mode: 32-bit

CDS archive(s) mapped at: [0x0000000800000000-0x0000000800bd0000-0x0000000800bd0000), size 12386304, SharedBaseAddress: 0x0000000800000000, ArchiveRelocationMode: 0.
Compressed class space mapped at: 0x0000000800c00000-0x0000000840c00000, reserved size: 1073741824
Narrow klass base: 0x0000000800000000, Narrow klass shift: 0, Narrow klass range: 0x100000000

GC Precious Log:
 CPUs: 8 total, 8 available
 Memory: 3889M
 Large Page Support: Disabled
 NUMA Support: Disabled
 Compressed Oops: Enabled (32-bit)
 Heap Region Size: 1M
 Heap Min Capacity: 8M
 Heap Initial Capacity: 62M
 Heap Max Capacity: 974M
 Pre-touch: Disabled
 Parallel Workers: 8
 Concurrent Workers: 2
 Concurrent Refinement Workers: 8
 Periodic GC: Disabled

Heap:
 garbage-first heap   total 63488K, used 10697K [0x00000000c3200000, 0x0000000100000000)
  region size 1024K, 8 young (8192K), 2 survivors (2048K)
 Metaspace       used 10152K, committed 10304K, reserved 1064960K
  class space    used 1251K, committed 1344K, reserved 1048576K

Heap Regions: E=young(eden), S=young(survivor), O=old, HS=humongous(starts), HC=humongous(continues), CS=collection set, F=free, OA=open archive, CA=closed archive, TAMS=top-at-mark-start (previous, next)
|   0|0x00000000c3200000, 0x00000000c3300000, 0x00000000c3300000|100%| O|  |TAMS 0x00000000c3200000, 0x00000000c3200000| Untracked 
|   1|0x00000000c3300000, 0x00000000c3400000, 0x00000000c3400000|100%| O|  |TAMS 0x00000000c3300000, 0x00000000c3300000| Untracked 
|   2|0x00000000c3400000, 0x00000000c3500000, 0x00000000c3500000|100%| O|  |TAMS 0x00000000c3400000, 0x00000000c3400000| Untracked 
|   3|0x00000000c3500000, 0x00000000c3576600, 0x00000000c3600000| 46%| O|  |TAMS 0x00000000c3500000, 0x00000000c3500000| Untracked 
|   4|0x00000000c3600000, 0x00000000c3600000, 0x00000000c3700000|  0%| F|  |TAMS 0x00000000c3600000, 0x00000000c3600000| Untracked 
|   5|0x00000000c3700000, 0x00000000c3700000, 0x00000000c3800000|  0%| F|  |TAMS 0x00000000c3700000, 0x00000000c3700000| Untracked 
|   6|0x00000000c3800000, 0x00000000c3800000, 0x00000000c3900000|  0%| F|  |TAMS 0x00000000c3800000, 0x00000000c3800000| Untracked 
|   7|0x00000000c3900000, 0x00000000c3900000, 0x00000000c3a00000|  0%| F|  |TAMS 0x00000000c3900000, 0x00000000c3900000| Untracked 
|   8|0x00000000c3a00000, 0x00000000c3a00000, 0x00000000c3b00000|  0%| F|  |TAMS 0x00000000c3a00000, 0x00000000c3a00000| Untracked 
|   9|0x00000000c3b00000, 0x00000000c3b00000, 0x00000000c3c00000|  0%| F|  |TAMS 0x00000000c3b00000, 0x00000000c3b00000| Untracked 
|  10|0x00000000c3c00000, 0x00000000c3c00000, 0x00000000c3d00000|  0%| F|  |TAMS 0x00000000c3c00000, 0x00000000c3c00000| Untracked 
|  11|0x00000000c3d00000, 0x00000000c3d00000, 0x00000000c3e00000|  0%| F|  |TAMS 0x00000000c3d00000, 0x00000000c3d00000| Untracked 
|  12|0x00000000c3e00000, 0x00000000c3e00000, 0x00000000c3f00000|  0%| F|  |TAMS 0x00000000c3e00000, 0x00000000c3e00000| Untracked 
|  13|0x00000000c3f00000, 0x00000000c3f00000, 0x00000000c4000000|  0%| F|  |TAMS 0x00000000c3f00000, 0x00000000c3f00000| Untracked 
|  14|0x00000000c4000000, 0x00000000c4000000, 0x00000000c4100000|  0%| F|  |TAMS 0x00000000c4000000, 0x00000000c4000000| Untracked 
|  15|0x00000000c4100000, 0x00000000c4100000, 0x00000000c4200000|  0%| F|  |TAMS 0x00000000c4100000, 0x00000000c4100000| Untracked 
|  16|0x00000000c4200000, 0x00000000c4200000, 0x00000000c4300000|  0%| F|  |TAMS 0x00000000c4200000, 0x00000000c4200000| Untracked 
|  17|0x00000000c4300000, 0x00000000c4300000, 0x00000000c4400000|  0%| F|  |TAMS 0x00000000c4300000, 0x00000000c4300000| Untracked 
|  18|0x00000000c4400000, 0x00000000c4400000, 0x00000000c4500000|  0%| F|  |TAMS 0x00000000c4400000, 0x00000000c4400000| Untracked 
|  19|0x00000000c4500000, 0x00000000c4500000, 0x00000000c4600000|  0%| F|  |TAMS 0x00000000c4500000, 0x00000000c4500000| Untracked 
|  20|0x00000000c4600000, 0x00000000c4600000, 0x00000000c4700000|  0%| F|  |TAMS 0x00000000c4600000, 0x00000000c4600000| Untracked 
|  21|0x00000000c4700000, 0x00000000c4700000, 0x00000000c4800000|  0%| F|  |TAMS 0x00000000c4700000, 0x00000000c4700000| Untracked 
|  22|0x00000000c4800000, 0x00000000c4800000, 0x00000000c4900000|  0%| F|  |TAMS 0x00000000c4800000, 0x00000000c4800000| Untracked 
|  23|0x00000000c4900000, 0x00000000c4900000, 0x00000000c4a00000|  0%| F|  |TAMS 0x00000000c4900000, 0x00000000c4900000| Untracked 
|  24|0x00000000c4a00000, 0x00000000c4a00000, 0x00000000c4b00000|  0%| F|  |TAMS 0x00000000c4a00000, 0x00000000c4a00000| Untracked 
|  25|0x00000000c4b00000, 0x00000000c4b00000, 0x00000000c4c00000|  0%| F|  |TAMS 0x00000000c4b00000, 0x00000000c4b00000| Untracked 
|  26|0x00000000c4c00000, 0x00000000c4c00000, 0x00000000c4d00000|  0%| F|  |TAMS 0x00000000c4c00000, 0x00000000c4c00000| Untracked 
|  27|0x00000000c4d00000, 0x00000000c4d00000, 0x00000000c4e00000|  0%| F|  |TAMS 0x00000000c4d00000, 0x00000000c4d00000| Untracked 
|  28|0x00000000c4e00000, 0x00000000c4e00000, 0x00000000c4f00000|  0%| F|  |TAMS 0x00000000c4e00000, 0x00000000c4e00000| Untracked 
|  29|0x00000000c4f00000, 0x00000000c4f00000, 0x00000000c5000000|  0%| F|  |TAMS 0x00000000c4f00000, 0x00000000c4f00000| Untracked 
|  30|0x00000000c5000000, 0x00000000c5000000, 0x00000000c5100000|  0%| F|  |TAMS 0x00000000c5000000, 0x00000000c5000000| Untracked 
|  31|0x00000000c5100000, 0x00000000c51fbf20, 0x00000000c5200000| 98%| S|CS|TAMS 0x00000000c5100000, 0x00000000c5100000| Complete 
|  32|0x00000000c5200000, 0x00000000c5300000, 0x00000000c5300000|100%| S|CS|TAMS 0x00000000c5200000, 0x00000000c5200000| Complete 
|  33|0x00000000c5300000, 0x00000000c5300000, 0x00000000c5400000|  0%| F|  |TAMS 0x00000000c5300000, 0x00000000c5300000| Untracked 
|  34|0x00000000c5400000, 0x00000000c5400000, 0x00000000c5500000|  0%| F|  |TAMS 0x00000000c5400000, 0x00000000c5400000| Untracked 
|  35|0x00000000c5500000, 0x00000000c5500000, 0x00000000c5600000|  0%| F|  |TAMS 0x00000000c5500000, 0x00000000c5500000| Untracked 
|  36|0x00000000c5600000, 0x00000000c5600000, 0x00000000c5700000|  0%| F|  |TAMS 0x00000000c5600000, 0x00000000c5600000| Untracked 
|  37|0x00000000c5700000, 0x00000000c5700000, 0x00000000c5800000|  0%| F|  |TAMS 0x00000000c5700000, 0x00000000c5700000| Untracked 
|  38|0x00000000c5800000, 0x00000000c5800000, 0x00000000c5900000|  0%| F|  |TAMS 0x00000000c5800000, 0x00000000c5800000| Untracked 
|  39|0x00000000c5900000, 0x00000000c5900000, 0x00000000c5a00000|  0%| F|  |TAMS 0x00000000c5900000, 0x00000000c5900000| Untracked 
|  40|0x00000000c5a00000, 0x00000000c5a00000, 0x00000000c5b00000|  0%| F|  |TAMS 0x00000000c5a00000, 0x00000000c5a00000| Untracked 
|  41|0x00000000c5b00000, 0x00000000c5b00000, 0x00000000c5c00000|  0%| F|  |TAMS 0x00000000c5b00000, 0x00000000c5b00000| Untracked 
|  42|0x00000000c5c00000, 0x00000000c5c00000, 0x00000000c5d00000|  0%| F|  |TAMS 0x00000000c5c00000, 0x00000000c5c00000| Untracked 
|  43|0x00000000c5d00000, 0x00000000c5d00000, 0x00000000c5e00000|  0%| F|  |TAMS 0x00000000c5d00000, 0x00000000c5d00000| Untracked 
|  44|0x00000000c5e00000, 0x00000000c5e00000, 0x00000000c5f00000|  0%| F|  |TAMS 0x00000000c5e00000, 0x00000000c5e00000| Untracked 
|  45|0x00000000c5f00000, 0x00000000c5f00000, 0x00000000c6000000|  0%| F|  |TAMS 0x00000000c5f00000, 0x00000000c5f00000| Untracked 
|  46|0x00000000c6000000, 0x00000000c6000000, 0x00000000c6100000|  0%| F|  |TAMS 0x00000000c6000000, 0x00000000c6000000| Untracked 
|  47|0x00000000c6100000, 0x00000000c6100000, 0x00000000c6200000|  0%| F|  |TAMS 0x00000000c6100000, 0x00000000c6100000| Untracked 
|  48|0x00000000c6200000, 0x00000000c6200000, 0x00000000c6300000|  0%| F|  |TAMS 0x00000000c6200000, 0x00000000c6200000| Untracked 
|  49|0x00000000c6300000, 0x00000000c6300000, 0x00000000c6400000|  0%| F|  |TAMS 0x00000000c6300000, 0x00000000c6300000| Untracked 
|  50|0x00000000c6400000, 0x00000000c6400000, 0x00000000c6500000|  0%| F|  |TAMS 0x00000000c6400000, 0x00000000c6400000| Untracked 
|  51|0x00000000c6500000, 0x00000000c6500000, 0x00000000c6600000|  0%| F|  |TAMS 0x00000000c6500000, 0x00000000c6500000| Untracked 
|  52|0x00000000c6600000, 0x00000000c6600000, 0x00000000c6700000|  0%| F|  |TAMS 0x00000000c6600000, 0x00000000c6600000| Untracked 
|  53|0x00000000c6700000, 0x00000000c6700000, 0x00000000c6800000|  0%| F|  |TAMS 0x00000000c6700000, 0x00000000c6700000| Untracked 
|  54|0x00000000c6800000, 0x00000000c6800000, 0x00000000c6900000|  0%| F|  |TAMS 0x00000000c6800000, 0x00000000c6800000| Untracked 
|  55|0x00000000c6900000, 0x00000000c6900000, 0x00000000c6a00000|  0%| F|  |TAMS 0x00000000c6900000, 0x00000000c6900000| Untracked 
|  56|0x00000000c6a00000, 0x00000000c6b00000, 0x00000000c6b00000|100%| E|  |TAMS 0x00000000c6a00000, 0x00000000c6a00000| Complete 
|  57|0x00000000c6b00000, 0x00000000c6c00000, 0x00000000c6c00000|100%| E|CS|TAMS 0x00000000c6b00000, 0x00000000c6b00000| Complete 
|  58|0x00000000c6c00000, 0x00000000c6d00000, 0x00000000c6d00000|100%| E|CS|TAMS 0x00000000c6c00000, 0x00000000c6c00000| Complete 
|  59|0x00000000c6d00000, 0x00000000c6e00000, 0x00000000c6e00000|100%| E|CS|TAMS 0x00000000c6d00000, 0x00000000c6d00000| Complete 
|  60|0x00000000c6e00000, 0x00000000c6f00000, 0x00000000c6f00000|100%| E|CS|TAMS 0x00000000c6e00000, 0x00000000c6e00000| Complete 
|  61|0x00000000c6f00000, 0x00000000c7000000, 0x00000000c7000000|100%| E|CS|TAMS 0x00000000c6f00000, 0x00000000c6f00000| Complete 

Card table byte_map: [0x000002077d510000,0x000002077d700000] _byte_map_base: 0x000002077cef7000

Marking Bits (Prev, Next): (CMBitMap*) 0x00000207757bb770, (CMBitMap*) 0x00000207757bb7b0
 Prev Bits: [0x000002077d8f0000, 0x000002077e828000)
 Next Bits: [0x000002077e830000, 0x000002077f768000)

Polling page: 0x0000020773920000

Metaspace:

Usage:
  Non-class:      8.71 MB used.
      Class:      1.23 MB used.
       Both:      9.94 MB used.

Virtual space:
  Non-class space:       16.00 MB reserved,       8.81 MB ( 55%) committed,  2 nodes.
      Class space:        1.00 GB reserved,       1.31 MB ( <1%) committed,  1 nodes.
             Both:        1.02 GB reserved,      10.12 MB ( <1%) committed. 

Chunk freelists:
   Non-Class:  1.53 MB
       Class:  2.70 MB
        Both:  4.23 MB

MaxMetaspaceSize: unlimited
CompressedClassSpaceSize: 1.00 GB
Initial GC threshold: 21.00 MB
Current GC threshold: 21.00 MB
CDS: on
MetaspaceReclaimPolicy: balanced
 - commit_granule_bytes: 65536.
 - commit_granule_words: 8192.
 - virtual_space_node_default_size: 1048576.
 - enlarge_chunks_in_place: 1.
 - new_chunks_are_fully_committed: 0.
 - uncommit_free_chunks: 1.
 - use_allocation_guard: 0.
 - handle_deallocations: 1.


Internal statistics:

num_allocs_failed_limit: 0.
num_arena_births: 36.
num_arena_deaths: 0.
num_vsnodes_births: 3.
num_vsnodes_deaths: 0.
num_space_committed: 162.
num_space_uncommitted: 0.
num_chunks_returned_to_freelist: 0.
num_chunks_taken_from_freelist: 376.
num_chunk_merges: 0.
num_chunk_splits: 274.
num_chunks_enlarged: 223.
num_purges: 0.
num_inconsistent_stats: 0.

CodeHeap 'non-profiled nmethods': size=120000Kb used=617Kb max_used=617Kb free=119382Kb
 bounds [0x0000020707ad0000, 0x0000020707d40000, 0x000002070f000000]
CodeHeap 'profiled nmethods': size=120000Kb used=3599Kb max_used=3599Kb free=116400Kb
 bounds [0x00000207005a0000, 0x0000020700930000, 0x0000020707ad0000]
CodeHeap 'non-nmethods': size=5760Kb used=1162Kb max_used=1180Kb free=4597Kb
 bounds [0x0000020700000000, 0x0000020700270000, 0x00000207005a0000]
 total_blobs=2312 nmethods=1865 adapters=359
 compilation: enabled
              stopped_count=0, restarted_count=0
 full_count=0

Compilation events (20 events):
Event: 1.113 Thread 0x0000020711167500 1790       3       java.util.TreeMap::setColor (10 bytes)
Event: 1.113 Thread 0x0000020711167500 nmethod 1790 0x00000207008f6690 code [0x00000207008f6820, 0x00000207008f6958]
Event: 1.113 Thread 0x0000020711167500 1791       1       org.codehaus.plexus.classworlds.realm.Entry::getPackageName (5 bytes)
Event: 1.113 Thread 0x0000020711167500 nmethod 1791 0x0000020707b66910 code [0x0000020707b66aa0, 0x0000020707b66b78]
Event: 1.113 Thread 0x0000020711167500 1793       3       org.codehaus.plexus.classworlds.realm.Entry::compareTo (13 bytes)
Event: 1.113 Thread 0x0000020711167500 nmethod 1793 0x00000207008f6a10 code [0x00000207008f6bc0, 0x00000207008f6d68]
Event: 1.113 Thread 0x0000020711167500 1792       3       org.codehaus.plexus.classworlds.realm.Entry::compareTo (9 bytes)
Event: 1.113 Thread 0x0000020711167500 nmethod 1792 0x00000207008f6e90 code [0x00000207008f7040, 0x00000207008f7348]
Event: 1.114 Thread 0x0000020711167500 1794       3       com.google.inject.internal.InternalContext::pushDependency (18 bytes)
Event: 1.114 Thread 0x0000020711167500 nmethod 1794 0x00000207008f7490 code [0x00000207008f7640, 0x00000207008f77e8]
Event: 1.117 Thread 0x0000020711167500 1795       3       com.google.inject.internal.State$1::blacklist (1 bytes)
Event: 1.117 Thread 0x0000020711167500 nmethod 1795 0x00000207008f7890 code [0x00000207008f7a20, 0x00000207008f7b38]
Event: 1.117 Thread 0x0000020711167500 1796       3       com.google.inject.internal.Scoping::scope (47 bytes)
Event: 1.118 Thread 0x0000020711167500 nmethod 1796 0x00000207008f7c10 code [0x00000207008f7ea0, 0x00000207008f8d68]
Event: 1.118 Thread 0x0000020711167500 1797       3       com.google.inject.internal.Scoping::isNoScope (16 bytes)
Event: 1.118 Thread 0x0000020711167500 nmethod 1797 0x00000207008f9210 code [0x00000207008f93c0, 0x00000207008f95e8]
Event: 1.118 Thread 0x0000020711167500 1798       1       com.google.inject.spi.TypeListenerBinding::getListener (5 bytes)
Event: 1.118 Thread 0x0000020711167500 nmethod 1798 0x0000020707b66c10 code [0x0000020707b66da0, 0x0000020707b66e78]
Event: 1.118 Thread 0x0000020711167500 1799       1       com.google.inject.spi.TypeListenerBinding::getTypeMatcher (5 bytes)
Event: 1.118 Thread 0x0000020711167500 nmethod 1799 0x0000020707b66f10 code [0x0000020707b670a0, 0x0000020707b67178]

GC Heap History (4 events):
Event: 0.512 GC heap before
{Heap before GC invocations=0 (full 0):
 garbage-first heap   total 63488K, used 22528K [0x00000000c3200000, 0x0000000100000000)
  region size 1024K, 23 young (23552K), 0 survivors (0K)
 Metaspace       used 4761K, committed 4928K, reserved 1056768K
  class space    used 560K, committed 640K, reserved 1048576K
}
Event: 0.516 GC heap after
{Heap after GC invocations=1 (full 0):
 garbage-first heap   total 63488K, used 3662K [0x00000000c3200000, 0x0000000100000000)
  region size 1024K, 3 young (3072K), 3 survivors (3072K)
 Metaspace       used 4761K, committed 4928K, reserved 1056768K
  class space    used 560K, committed 640K, reserved 1048576K
}
Event: 1.025 GC heap before
{Heap before GC invocations=1 (full 0):
 garbage-first heap   total 63488K, used 30286K [0x00000000c3200000, 0x0000000100000000)
  region size 1024K, 29 young (29696K), 3 survivors (3072K)
 Metaspace       used 9148K, committed 9280K, reserved 1064960K
  class space    used 1123K, committed 1216K, reserved 1048576K
}
Event: 1.033 GC heap after
{Heap after GC invocations=2 (full 0):
 garbage-first heap   total 63488K, used 5577K [0x00000000c3200000, 0x0000000100000000)
  region size 1024K, 2 young (2048K), 2 survivors (2048K)
 Metaspace       used 9148K, committed 9280K, reserved 1064960K
  class space    used 1123K, committed 1216K, reserved 1048576K
}

Deoptimization events (20 events):
Event: 0.674 Thread 0x000002077577f540 Uncommon trap: trap_request=0xffffff45 fr.pc=0x0000020707b29954 relative=0x0000000000000334
Event: 0.674 Thread 0x000002077577f540 Uncommon trap: reason=unstable_if action=reinterpret pc=0x0000020707b29954 method=java.lang.String.<init>([CIILjava/lang/Void;)V @ 5 c2
Event: 0.674 Thread 0x000002077577f540 DEOPT PACKING pc=0x0000020707b29954 sp=0x0000004269ffd4b0
Event: 0.674 Thread 0x000002077577f540 DEOPT UNPACKING pc=0x00000207000523a3 sp=0x0000004269ffd470 mode 2
Event: 0.737 Thread 0x000002077577f540 Uncommon trap: trap_request=0xffffffde fr.pc=0x0000020707b3d448 relative=0x0000000000000128
Event: 0.737 Thread 0x000002077577f540 Uncommon trap: reason=class_check action=maybe_recompile pc=0x0000020707b3d448 method=jdk.internal.misc.Unsafe.allocateUninitializedArray(Ljava/lang/Class;I)Ljava/lang/Object; @ 51 c2
Event: 0.737 Thread 0x000002077577f540 DEOPT PACKING pc=0x0000020707b3d448 sp=0x0000004269ffd5d0
Event: 0.737 Thread 0x000002077577f540 DEOPT UNPACKING pc=0x00000207000523a3 sp=0x0000004269ffd558 mode 2
Event: 0.737 Thread 0x000002077577f540 Uncommon trap: trap_request=0xffffffde fr.pc=0x0000020707b3d448 relative=0x0000000000000128
Event: 0.737 Thread 0x000002077577f540 Uncommon trap: reason=class_check action=maybe_recompile pc=0x0000020707b3d448 method=jdk.internal.misc.Unsafe.allocateUninitializedArray(Ljava/lang/Class;I)Ljava/lang/Object; @ 51 c2
Event: 0.737 Thread 0x000002077577f540 DEOPT PACKING pc=0x0000020707b3d448 sp=0x0000004269ffd670
Event: 0.737 Thread 0x000002077577f540 DEOPT UNPACKING pc=0x00000207000523a3 sp=0x0000004269ffd5f8 mode 2
Event: 0.737 Thread 0x000002077577f540 Uncommon trap: trap_request=0xffffffde fr.pc=0x0000020707b3d448 relative=0x0000000000000128
Event: 0.737 Thread 0x000002077577f540 Uncommon trap: reason=class_check action=maybe_recompile pc=0x0000020707b3d448 method=jdk.internal.misc.Unsafe.allocateUninitializedArray(Ljava/lang/Class;I)Ljava/lang/Object; @ 51 c2
Event: 0.737 Thread 0x000002077577f540 DEOPT PACKING pc=0x0000020707b3d448 sp=0x0000004269ffd430
Event: 0.737 Thread 0x000002077577f540 DEOPT UNPACKING pc=0x00000207000523a3 sp=0x0000004269ffd3b8 mode 2
Event: 0.737 Thread 0x000002077577f540 Uncommon trap: trap_request=0xffffffde fr.pc=0x0000020707b3d448 relative=0x0000000000000128
Event: 0.737 Thread 0x000002077577f540 Uncommon trap: reason=class_check action=maybe_recompile pc=0x0000020707b3d448 method=jdk.internal.misc.Unsafe.allocateUninitializedArray(Ljava/lang/Class;I)Ljava/lang/Object; @ 51 c2
Event: 0.737 Thread 0x000002077577f540 DEOPT PACKING pc=0x0000020707b3d448 sp=0x0000004269ffd4d0
Event: 0.737 Thread 0x000002077577f540 DEOPT UNPACKING pc=0x00000207000523a3 sp=0x0000004269ffd458 mode 2

Classes unloaded (0 events):
No events

Classes redefined (0 events):
No events

Internal exceptions (12 events):
Event: 0.175 Thread 0x000002077577f540 Exception <a 'java/lang/NullPointerException'{0x00000000c6c83658}> (0x00000000c6c83658) 
thrown [s\open\src\hotspot\share\interpreter\linkResolver.cpp, line 1350]
Event: 0.184 Thread 0x000002077577f540 Exception <a 'java/lang/NullPointerException'{0x00000000c6cb2ea0}> (0x00000000c6cb2ea0) 
thrown [s\open\src\hotspot\share\interpreter\linkResolver.cpp, line 1350]
Event: 0.184 Thread 0x000002077577f540 Exception <a 'java/lang/NullPointerException'{0x00000000c6cb3178}> (0x00000000c6cb3178) 
thrown [s\open\src\hotspot\share\interpreter\linkResolver.cpp, line 1350]
Event: 0.184 Thread 0x000002077577f540 Exception <a 'java/lang/NullPointerException'{0x00000000c6cb3450}> (0x00000000c6cb3450) 
thrown [s\open\src\hotspot\share\interpreter\linkResolver.cpp, line 1350]
Event: 0.185 Thread 0x000002077577f540 Exception <a 'java/lang/NullPointerException'{0x00000000c6cb8dd0}> (0x00000000c6cb8dd0) 
thrown [s\open\src\hotspot\share\interpreter\linkResolver.cpp, line 1350]
Event: 0.186 Thread 0x000002077577f540 Exception <a 'java/lang/NullPointerException'{0x00000000c6cce188}> (0x00000000c6cce188) 
thrown [s\open\src\hotspot\share\interpreter\linkResolver.cpp, line 1350]
Event: 0.186 Thread 0x000002077577f540 Exception <a 'java/lang/NullPointerException'{0x00000000c6cce460}> (0x00000000c6cce460) 
thrown [s\open\src\hotspot\share\interpreter\linkResolver.cpp, line 1350]
Event: 0.186 Thread 0x000002077577f540 Exception <a 'java/lang/NullPointerException'{0x00000000c6cce738}> (0x00000000c6cce738) 
thrown [s\open\src\hotspot\share\interpreter\linkResolver.cpp, line 1350]
Event: 0.186 Thread 0x000002077577f540 Exception <a 'java/lang/NullPointerException'{0x00000000c6ccea10}> (0x00000000c6ccea10) 
thrown [s\open\src\hotspot\share\interpreter\linkResolver.cpp, line 1350]
Event: 0.430 Thread 0x000002077577f540 Exception <a 'java/lang/NoSuchMethodError'{0x00000000c616c578}: 'java.lang.Object java.lang.invoke.DirectMethodHandle$Holder.newInvokeSpecial(java.lang.Object, java.lang.Object, java.lang.Object, java.lang.Object, java.lang.Object)'> (0x00000000c616c578) 
thrown [s\open\src\hotspot\share\interpreter\linkResolver.cpp, line 759]
Event: 0.458 Thread 0x000002077577f540 Exception <a 'java/lang/NoClassDefFoundError'{0x00000000c60d2528}: javax/enterprise/inject/Typed> (0x00000000c60d2528) 
thrown [s\open\src\hotspot\share\classfile\systemDictionary.cpp, line 245]
Event: 1.092 Thread 0x000002077577f540 Exception <a 'java/lang/NoClassDefFoundError'{0x00000000c6c48bf8}: com/google/inject/servlet/ServletModuleTargetVisitor> (0x00000000c6c48bf8) 
thrown [s\open\src\hotspot\share\classfile\systemDictionary.cpp, line 245]

VM Operations (20 events):
Event: 0.179 Executing VM operation: HandshakeAllThreads
Event: 0.179 Executing VM operation: HandshakeAllThreads done
Event: 0.266 Executing VM operation: HandshakeAllThreads
Event: 0.266 Executing VM operation: HandshakeAllThreads done
Event: 0.511 Executing VM operation: G1CollectForAllocation
Event: 0.516 Executing VM operation: G1CollectForAllocation done
Event: 0.762 Executing VM operation: HandshakeAllThreads
Event: 0.762 Executing VM operation: HandshakeAllThreads done
Event: 0.808 Executing VM operation: HandshakeAllThreads
Event: 0.808 Executing VM operation: HandshakeAllThreads done
Event: 1.009 Executing VM operation: HandshakeAllThreads
Event: 1.009 Executing VM operation: HandshakeAllThreads done
Event: 1.011 Executing VM operation: HandshakeAllThreads
Event: 1.011 Executing VM operation: HandshakeAllThreads done
Event: 1.012 Executing VM operation: ICBufferFull
Event: 1.012 Executing VM operation: ICBufferFull done
Event: 1.025 Executing VM operation: G1CollectForAllocation
Event: 1.033 Executing VM operation: G1CollectForAllocation done
Event: 1.078 Executing VM operation: HandshakeAllThreads
Event: 1.078 Executing VM operation: HandshakeAllThreads done

Events (20 events):
Event: 0.870 loading class sun/reflect/generics/tree/MethodTypeSignature done
Event: 0.888 loading class java/nio/channels/ReadableByteChannel
Event: 0.890 loading class java/nio/channels/Channel
Event: 0.904 loading class java/nio/channels/Channel done
Event: 0.904 loading class java/nio/channels/ReadableByteChannel done
Event: 0.904 loading class java/nio/channels/WritableByteChannel
Event: 0.904 loading class java/nio/channels/WritableByteChannel done
Event: 0.943 loading class sun/reflect/generics/repository/FieldRepository
Event: 0.943 loading class sun/reflect/generics/repository/FieldRepository done
Event: 1.052 loading class sun/reflect/generics/scope/MethodScope
Event: 1.052 loading class sun/reflect/generics/scope/MethodScope done
Event: 1.052 loading class sun/reflect/generics/repository/MethodRepository
Event: 1.052 loading class sun/reflect/generics/repository/MethodRepository done
Event: 1.072 loading class java/util/ConcurrentModificationException
Event: 1.072 loading class java/util/ConcurrentModificationException done
Event: 1.081 loading class jdk/internal/reflect/UnsafeObjectFieldAccessorImpl
Event: 1.081 loading class jdk/internal/reflect/UnsafeObjectFieldAccessorImpl done
Event: 1.093 loading class java/lang/ClassFormatError
Event: 1.093 loading class java/lang/ClassFormatError done
Event: 1.119 loading class java/util/concurrent/ThreadPoolExecutor


Dynamic libraries:
0x00007ff6eaa10000 - 0x00007ff6eaa20000 	C:\Program Files\Java\jdk-17.0.5\bin\java.exe
0x00007ffcd97d0000 - 0x00007ffcd99e4000 	C:\WINDOWS\SYSTEM32\ntdll.dll
0x00007ffcd7be0000 - 0x00007ffcd7ca2000 	C:\WINDOWS\System32\KERNEL32.DLL
0x00007ffcd6ec0000 - 0x00007ffcd725d000 	C:\WINDOWS\System32\KERNELBASE.dll
0x00007ffcd72d0000 - 0x00007ffcd73e1000 	C:\WINDOWS\System32\ucrtbase.dll
0x00007ffcb7890000 - 0x00007ffcb78a8000 	C:\Program Files\Java\jdk-17.0.5\bin\jli.dll
0x00007ffcb6840000 - 0x00007ffcb685a000 	C:\Program Files\Java\jdk-17.0.5\bin\VCRUNTIME140.dll
0x00007ffcd8b70000 - 0x00007ffcd8c1e000 	C:\WINDOWS\System32\ADVAPI32.dll
0x00007ffcd7b30000 - 0x00007ffcd7bd7000 	C:\WINDOWS\System32\msvcrt.dll
0x00007ffcd8030000 - 0x00007ffcd80d4000 	C:\WINDOWS\System32\sechost.dll
0x00007ffcd8a50000 - 0x00007ffcd8b65000 	C:\WINDOWS\System32\RPCRT4.dll
0x00007ffcd9550000 - 0x00007ffcd96fd000 	C:\WINDOWS\System32\USER32.dll
0x00007ffcd7470000 - 0x00007ffcd7496000 	C:\WINDOWS\System32\win32u.dll
0x00007ffcd9700000 - 0x00007ffcd9729000 	C:\WINDOWS\System32\GDI32.dll
0x00007ffcb60e0000 - 0x00007ffcb636e000 	C:\WINDOWS\WinSxS\amd64_microsoft.windows.common-controls_6595b64144ccf1df_6.0.22621.608_none_a9444ca7c10bb01d\COMCTL32.dll
0x00007ffcd74a0000 - 0x00007ffcd75b2000 	C:\WINDOWS\System32\gdi32full.dll
0x00007ffcd6e20000 - 0x00007ffcd6eba000 	C:\WINDOWS\System32\msvcp_win.dll
0x00007ffcca9a0000 - 0x00007ffcca9aa000 	C:\WINDOWS\SYSTEM32\VERSION.dll
0x00007ffcd9200000 - 0x00007ffcd9232000 	C:\WINDOWS\System32\IMM32.DLL
0x00007ffcb72e0000 - 0x00007ffcb72ec000 	C:\Program Files\Java\jdk-17.0.5\bin\vcruntime140_1.dll
0x00007ffc96b30000 - 0x00007ffc96bbd000 	C:\Program Files\Java\jdk-17.0.5\bin\msvcp140.dll
0x00007ffc11b20000 - 0x00007ffc126e2000 	C:\Program Files\Java\jdk-17.0.5\bin\server\jvm.dll
0x00007ffcd76c0000 - 0x00007ffcd76c8000 	C:\WINDOWS\System32\PSAPI.DLL
0x00007ffcb7a30000 - 0x00007ffcb7a39000 	C:\WINDOWS\SYSTEM32\WSOCK32.dll
0x00007ffcd90a0000 - 0x00007ffcd9111000 	C:\WINDOWS\System32\WS2_32.dll
0x00007ffcd0a40000 - 0x00007ffcd0a74000 	C:\WINDOWS\SYSTEM32\WINMM.dll
0x00007ffcd5d40000 - 0x00007ffcd5d58000 	C:\WINDOWS\SYSTEM32\kernel.appcore.dll
0x00007ffcb71d0000 - 0x00007ffcb71da000 	C:\Program Files\Java\jdk-17.0.5\bin\jimage.dll
0x00007ffcd4540000 - 0x00007ffcd476e000 	C:\WINDOWS\SYSTEM32\DBGHELP.DLL
0x00007ffcd76e0000 - 0x00007ffcd7a6a000 	C:\WINDOWS\System32\combase.dll
0x00007ffcd9120000 - 0x00007ffcd91f7000 	C:\WINDOWS\System32\OLEAUT32.dll
0x00007ffcd0a00000 - 0x00007ffcd0a32000 	C:\WINDOWS\SYSTEM32\dbgcore.DLL
0x00007ffcd73f0000 - 0x00007ffcd746b000 	C:\WINDOWS\System32\bcryptPrimitives.dll
0x00007ffcb6790000 - 0x00007ffcb67b5000 	C:\Program Files\Java\jdk-17.0.5\bin\java.dll
0x00007ffcb2d70000 - 0x00007ffcb2e46000 	C:\Program Files\Java\jdk-17.0.5\bin\jsvml.dll
0x00007ffcd80e0000 - 0x00007ffcd88cf000 	C:\WINDOWS\System32\SHELL32.dll
0x00007ffcd4c30000 - 0x00007ffcd54f8000 	C:\WINDOWS\SYSTEM32\windows.storage.dll
0x00007ffcd4af0000 - 0x00007ffcd4c2e000 	C:\WINDOWS\SYSTEM32\wintypes.dll
0x00007ffcd75c0000 - 0x00007ffcd76b1000 	C:\WINDOWS\System32\SHCORE.dll
0x00007ffcd9730000 - 0x00007ffcd978e000 	C:\WINDOWS\System32\shlwapi.dll
0x00007ffcd6b20000 - 0x00007ffcd6b41000 	C:\WINDOWS\SYSTEM32\profapi.dll
0x00007ffcb67e0000 - 0x00007ffcb67f9000 	C:\Program Files\Java\jdk-17.0.5\bin\net.dll
0x00007ffccdfa0000 - 0x00007ffcce0cf000 	C:\WINDOWS\SYSTEM32\WINHTTP.dll
0x00007ffcd61a0000 - 0x00007ffcd6209000 	C:\WINDOWS\system32\mswsock.dll
0x00007ffcb6770000 - 0x00007ffcb6786000 	C:\Program Files\Java\jdk-17.0.5\bin\nio.dll
0x00007ffcb6580000 - 0x00007ffcb6598000 	C:\Program Files\Java\jdk-17.0.5\bin\zip.dll
0x0000000069ac0000 - 0x0000000069ae4000 	C:\Program Files\NetBeans-15\netbeans\java\maven\lib\jansi-native\Windows\x86_64\jansi.dll
0x00007ffcb6570000 - 0x00007ffcb6580000 	C:\Program Files\Java\jdk-17.0.5\bin\verify.dll

dbghelp: loaded successfully - version: 4.0.5 - missing functions: none
symbol engine: initialized successfully - sym options: 0x614 - pdb path: .;C:\Program Files\Java\jdk-17.0.5\bin;C:\WINDOWS\SYSTEM32;C:\WINDOWS\WinSxS\amd64_microsoft.windows.common-controls_6595b64144ccf1df_6.0.22621.608_none_a9444ca7c10bb01d;C:\Program Files\Java\jdk-17.0.5\bin\server;C:\Program Files\NetBeans-15\netbeans\java\maven\lib\jansi-native\Windows\x86_64

VM Arguments:
jvm_args: -Dclassworlds.conf=C:\Program Files\NetBeans-15\netbeans\java\maven\bin\m2.conf -Dmaven.home=C:\Program Files\NetBeans-15\netbeans\java\maven -Dlibrary.jansi.path=C:\Program Files\NetBeans-15\netbeans\java\maven\lib\jansi-native -Dmaven.multiModuleProjectDirectory=C:\Users\pdo18\Desktop\DUAN 
java_command: org.codehaus.plexus.classworlds.launcher.Launcher -Dexec.vmArgs= -Dexec.args=${exec.vmArgs} -classpath %classpath ${exec.mainClass} ${exec.appArgs} -Dexec.executable=C:\Program Files\Java\jdk-17.0.5\bin\java.exe -Dexec.mainClass=poly.edu.ui.MainJFrame -Dexec.classpathScope=runtime -Dexec.appArgs= -Dmaven.ext.class.path=C:\Program Files\NetBeans-15\netbeans\java\maven-nblib\netbeans-eventspy.jar -Dfile.encoding=UTF-8 org.codehaus.mojo:exec-maven-plugin:3.0.0:exec
java_class_path (initial): C:\Program Files\NetBeans-15\netbeans\java\maven\boot\plexus-classworlds-2.6.0.jar
Launcher Type: SUN_STANDARD

[Global flags]
     intx CICompilerCount                          = 4                                         {product} {ergonomic}
     uint ConcGCThreads                            = 2                                         {product} {ergonomic}
     uint G1ConcRefinementThreads                  = 8                                         {product} {ergonomic}
   size_t G1HeapRegionSize                         = 1048576                                   {product} {ergonomic}
    uintx GCDrainStackTargetSize                   = 64                                        {product} {ergonomic}
   size_t InitialHeapSize                          = 65011712                                  {product} {ergonomic}
   size_t MarkStackSize                            = 4194304                                   {product} {ergonomic}
   size_t MaxHeapSize                              = 1021313024                                {product} {ergonomic}
   size_t MaxNewSize                               = 612368384                                 {product} {ergonomic}
   size_t MinHeapDeltaBytes                        = 1048576                                   {product} {ergonomic}
   size_t MinHeapSize                              = 8388608                                   {product} {ergonomic}
    uintx NonNMethodCodeHeapSize                   = 5839372                                {pd product} {ergonomic}
    uintx NonProfiledCodeHeapSize                  = 122909434                              {pd product} {ergonomic}
    uintx ProfiledCodeHeapSize                     = 122909434                              {pd product} {ergonomic}
    uintx ReservedCodeCacheSize                    = 251658240                              {pd product} {ergonomic}
     bool SegmentedCodeCache                       = true                                      {product} {ergonomic}
   size_t SoftMaxHeapSize                          = 1021313024                             {manageable} {ergonomic}
     bool UseCompressedClassPointers               = true                           {product lp64_product} {ergonomic}
     bool UseCompressedOops                        = true                           {product lp64_product} {ergonomic}
     bool UseG1GC                                  = true                                      {product} {ergonomic}
     bool UseLargePagesIndividualAllocation        = false                                  {pd product} {ergonomic}

Logging:
Log output configuration:
 #0: stdout all=warning uptime,level,tags
 #1: stderr all=off uptime,level,tags

Environment Variables:
JAVA_HOME=C:\Program Files\Java\jdk-17.0.5
PATH=C:\Program Files\Java\jdk-17.0.5\bin;C:\Program Files\Common Files\Oracle\Java\javapath;C:\Windows\system32;C:\Windows;C:\Windows\System32\Wbem;C:\Windows\System32\WindowsPowerShell\v1.0\;C:\Windows\System32\OpenSSH\;C:\Program Files (x86)\NVIDIA Corporation\PhysX\Common;C:\Program Files\NVIDIA Corporation\NVIDIA NvDLISR;C:\WINDOWS\system32;C:\WINDOWS;C:\WINDOWS\System32\Wbem;C:\WINDOWS\System32\WindowsPowerShell\v1.0\;C:\WINDOWS\System32\OpenSSH\;C:\Program Files\Azure Data Studio\bin;C:\Program Files\Microsoft SQL Server\Client SDK\ODBC\170\Tools\Binn\;C:\Program Files (x86)\Microsoft SQL Server\150\Tools\Binn\;C:\Program Files\Microsoft SQL Server\150\Tools\Binn\;C:\Program Files\Microsoft SQL Server\150\DTS\Binn\;C:\Program Files (x86)\Microsoft SQL Server\150\DTS\Binn\;C:\Users\pdo18\AppData\Local\Microsoft\WindowsApps;;C:\Program Files\JetBrains\IntelliJ IDEA Community Edition 2022.2.3\bin;;C:\Program Files\Azure Data Studio\bin;C:\Users\pdo18\AppData\Local\Programs\Microsoft VS Code\bin
USERNAME=pdo18
OS=Windows_NT
PROCESSOR_IDENTIFIER=Intel64 Family 6 Model 165 Stepping 2, GenuineIntel



---------------  S Y S T E M  ---------------

OS:
 Windows 11 , 64 bit Build 22621 (10.0.22621.900)
OS uptime: 0 days 14:13 hours

CPU: total 8 (initial active 8) (4 cores per cpu, 2 threads per core) family 6 model 165 stepping 2 microcode 0xf0, cx8, cmov, fxsr, ht, mmx, 3dnowpref, sse, sse2, sse3, ssse3, sse4.1, sse4.2, popcnt, lzcnt, tsc, tscinvbit, avx, avx2, aes, erms, clmul, bmi1, bmi2, adx, fma, vzeroupper, clflush, clflushopt

Memory: 4k page, system-wide physical 3889M (140M free)
TotalPageFile size 15665M (AvailPageFile size 0M)
current process WorkingSet (physical memory assigned to process): 94M, peak: 94M
current process commit charge ("private bytes"): 165M, peak: 165M

vm_info: Java HotSpot(TM) 64-Bit Server VM (17.0.5+9-LTS-191) for windows-amd64 JRE (17.0.5+9-LTS-191), built on Sep 13 2022 17:31:43 by "mach5one" with MS VC++ 16.8 / 16.9 (VS2019)

END.
