#
# There is insufficient memory for the Java Runtime Environment to continue.
# Native memory allocation (malloc) failed to allocate 43664 bytes for Chunk::new
# Possible reasons:
#   The system is out of physical RAM or swap space
#   The process is running with CompressedOops enabled, and the Java Heap may be blocking the growth of the native heap
# Possible solutions:
#   Reduce memory load on the system
#   Increase physical memory or swap space
#   Check if swap backing store is full
#   Decrease Java heap size (-Xmx/-Xms)
#   Decrease number of Java threads
#   Decrease Java thread stack sizes (-Xss)
#   Set larger code cache with -XX:ReservedCodeCacheSize=
#   JVM is running with Unscaled Compressed Oops mode in which the Java heap is
#     placed in the first 4GB address space. The Java Heap base address is the
#     maximum limit for the native heap growth. Please use -XX:HeapBaseMinAddress
#     to set the Java Heap base and to place the Java Heap above 4GB virtual address.
# This output file may be truncated or incomplete.
#
#  Out of Memory Error (arena.cpp:189), pid=23620, tid=24012
#
# JRE version: Java(TM) SE Runtime Environment (17.0.5+9) (build 17.0.5+9-LTS-191)
# Java VM: Java HotSpot(TM) 64-Bit Server VM (17.0.5+9-LTS-191, mixed mode, sharing, tiered, compressed oops, compressed class ptrs, g1 gc, windows-amd64)
# No core dump will be written. Minidumps are not enabled by default on client versions of Windows
#

---------------  S U M M A R Y ------------

Command Line: -Dclassworlds.conf=C:\Program Files\NetBeans-15\netbeans\java\maven\bin\m2.conf -Dmaven.home=C:\Program Files\NetBeans-15\netbeans\java\maven -Dlibrary.jansi.path=C:\Program Files\NetBeans-15\netbeans\java\maven\lib\jansi-native -Dmaven.multiModuleProjectDirectory=C:\Users\pdo18\Desktop\DUAN org.codehaus.plexus.classworlds.launcher.Launcher -Dexec.vmArgs= -Dexec.args=${exec.vmArgs} -classpath %classpath ${exec.mainClass} ${exec.appArgs} -Dexec.executable=C:\Program Files\Java\jdk-17.0.5\bin\java.exe -Dexec.mainClass=poly.edu.ui.MainJFrame -Dexec.classpathScope=runtime -Dexec.appArgs= -Dmaven.ext.class.path=C:\Program Files\NetBeans-15\netbeans\java\maven-nblib\netbeans-eventspy.jar -Dfile.encoding=UTF-8 org.codehaus.mojo:exec-maven-plugin:3.0.0:exec

Host: Intel(R) Core(TM) i5-10300H CPU @ 2.50GHz, 8 cores, 3G,  Windows 11 , 64 bit Build 22621 (10.0.22621.900)
Time: Mon Dec  5 02:11:57 2022 SE Asia Standard Time elapsed time: 1.041324 seconds (0d 0h 0m 1s)

---------------  T H R E A D  ---------------

Current thread (0x000001474617f6a0):  JavaThread "C2 CompilerThread0" daemon [_thread_in_native, id=24012, stack(0x000000448f200000,0x000000448f300000)]


Current CompileTask:
C2:   1041 1372       4       java.lang.StringLatin1::compareTo (52 bytes)

Stack: [0x000000448f200000,0x000000448f300000]
Native frames: (J=compiled Java code, j=interpreted, Vv=VM code, C=native code)
V  [jvm.dll+0x672eea]
V  [jvm.dll+0x7d2a04]
V  [jvm.dll+0x7d41ae]
V  [jvm.dll+0x7d4813]
V  [jvm.dll+0x242c15]
V  [jvm.dll+0xaa57b]
V  [jvm.dll+0xaab0c]
V  [jvm.dll+0x35ff97]
V  [jvm.dll+0x32a631]
V  [jvm.dll+0x329ada]
V  [jvm.dll+0x215cc1]
V  [jvm.dll+0x2150e1]
V  [jvm.dll+0x1a18ed]
V  [jvm.dll+0x22493a]
V  [jvm.dll+0x222aa5]
V  [jvm.dll+0x7885db]
V  [jvm.dll+0x782b4a]
V  [jvm.dll+0x671d75]
C  [ucrtbase.dll+0x29363]
C  [KERNEL32.DLL+0x1247d]
C  [ntdll.dll+0x5dfb8]


---------------  P R O C E S S  ---------------

Threads class SMR info:
_java_thread_list=0x0000014746c85420, length=12, elements={
0x000001472a78eb00, 0x000001474615e110, 0x0000014746160cd0, 0x0000014746175570,
0x0000014746176120, 0x0000014746178ae0, 0x00000147461798a0, 0x000001474617f6a0,
0x0000014746187d60, 0x0000014746189280, 0x0000014746cac6a0, 0x0000014746caed30
}

Java Threads: ( => current thread )
  0x000001472a78eb00 JavaThread "main" [_thread_in_vm, id=24068, stack(0x000000448e500000,0x000000448e600000)]
  0x000001474615e110 JavaThread "Reference Handler" daemon [_thread_blocked, id=960, stack(0x000000448ec00000,0x000000448ed00000)]
  0x0000014746160cd0 JavaThread "Finalizer" daemon [_thread_blocked, id=20068, stack(0x000000448ed00000,0x000000448ee00000)]
  0x0000014746175570 JavaThread "Signal Dispatcher" daemon [_thread_blocked, id=22868, stack(0x000000448ee00000,0x000000448ef00000)]
  0x0000014746176120 JavaThread "Attach Listener" daemon [_thread_blocked, id=12584, stack(0x000000448ef00000,0x000000448f000000)]
  0x0000014746178ae0 JavaThread "Service Thread" daemon [_thread_blocked, id=3088, stack(0x000000448f000000,0x000000448f100000)]
  0x00000147461798a0 JavaThread "Monitor Deflation Thread" daemon [_thread_blocked, id=23616, stack(0x000000448f100000,0x000000448f200000)]
=>0x000001474617f6a0 JavaThread "C2 CompilerThread0" daemon [_thread_in_native, id=24012, stack(0x000000448f200000,0x000000448f300000)]
  0x0000014746187d60 JavaThread "C1 CompilerThread0" daemon [_thread_blocked, id=6808, stack(0x000000448f300000,0x000000448f400000)]
  0x0000014746189280 JavaThread "Sweeper thread" daemon [_thread_blocked, id=21036, stack(0x000000448f400000,0x000000448f500000)]
  0x0000014746cac6a0 JavaThread "Notification Thread" daemon [_thread_blocked, id=22772, stack(0x000000448f500000,0x000000448f600000)]
  0x0000014746caed30 JavaThread "Common-Cleaner" daemon [_thread_blocked, id=21072, stack(0x000000448f700000,0x000000448f800000)]

Other Threads:
  0x0000014746157e30 VMThread "VM Thread" [stack: 0x000000448eb00000,0x000000448ec00000] [id=24304]
  0x000001472a7dfb90 WatcherThread [stack: 0x000000448f600000,0x000000448f700000] [id=8288]
  0x000001472a7ca030 GCTaskThread "GC Thread#0" [stack: 0x000000448e600000,0x000000448e700000] [id=3272]
  0x00000147476615f0 GCTaskThread "GC Thread#1" [stack: 0x000000448f800000,0x000000448f900000] [id=19412]
  0x00000147476618a0 GCTaskThread "GC Thread#2" [stack: 0x000000448f900000,0x000000448fa00000] [id=22872]
  0x00000147476605d0 GCTaskThread "GC Thread#3" [stack: 0x000000448fa00000,0x000000448fb00000] [id=1100]
  0x0000014747661090 GCTaskThread "GC Thread#4" [stack: 0x000000448fb00000,0x000000448fc00000] [id=16468]
  0x000001472a7d42b0 ConcurrentGCThread "G1 Main Marker" [stack: 0x000000448e700000,0x000000448e800000] [id=7508]
  0x000001472a7d5c70 ConcurrentGCThread "G1 Conc#0" [stack: 0x000000448e800000,0x000000448e900000] [id=11444]
  0x000001472a858580 ConcurrentGCThread "G1 Refine#0" [stack: 0x000000448e900000,0x000000448ea00000] [id=18728]
  0x000001472a858e40 ConcurrentGCThread "G1 Service" [stack: 0x000000448ea00000,0x000000448eb00000] [id=23128]

Threads with active compile tasks:
C2 CompilerThread0     1079 1372       4       java.lang.StringLatin1::compareTo (52 bytes)

VM state: not at safepoint (normal execution)

VM Mutex/Monitor currently owned by a thread: None

Heap address: 0x00000000c3200000, size: 974 MB, Compressed Oops mode: 32-bit

CDS archive(s) mapped at: [0x0000000800000000-0x0000000800bd0000-0x0000000800bd0000), size 12386304, SharedBaseAddress: 0x0000000800000000, ArchiveRelocationMode: 0.
Compressed class space mapped at: 0x0000000800c00000-0x0000000840c00000, reserved size: 1073741824
Narrow klass base: 0x0000000800000000, Narrow klass shift: 0, Narrow klass range: 0x100000000

GC Precious Log:
 CPUs: 8 total, 8 available
 Memory: 3889M
 Large Page Support: Disabled
 NUMA Support: Disabled
 Compressed Oops: Enabled (32-bit)
 Heap Region Size: 1M
 Heap Min Capacity: 8M
 Heap Initial Capacity: 62M
 Heap Max Capacity: 974M
 Pre-touch: Disabled
 Parallel Workers: 8
 Concurrent Workers: 2
 Concurrent Refinement Workers: 8
 Periodic GC: Disabled

Heap:
 garbage-first heap   total 63488K, used 22006K [0x00000000c3200000, 0x0000000100000000)
  region size 1024K, 22 young (22528K), 3 survivors (3072K)
 Metaspace       used 7872K, committed 8064K, reserved 1064960K
  class space    used 938K, committed 1024K, reserved 1048576K

Heap Regions: E=young(eden), S=young(survivor), O=old, HS=humongous(starts), HC=humongous(continues), CS=collection set, F=free, OA=open archive, CA=closed archive, TAMS=top-at-mark-start (previous, next)
|   0|0x00000000c3200000, 0x00000000c327da00, 0x00000000c3300000| 49%| O|  |TAMS 0x00000000c3200000, 0x00000000c3200000| Untracked 
|   1|0x00000000c3300000, 0x00000000c3300000, 0x00000000c3400000|  0%| F|  |TAMS 0x00000000c3300000, 0x00000000c3300000| Untracked 
|   2|0x00000000c3400000, 0x00000000c3400000, 0x00000000c3500000|  0%| F|  |TAMS 0x00000000c3400000, 0x00000000c3400000| Untracked 
|   3|0x00000000c3500000, 0x00000000c3500000, 0x00000000c3600000|  0%| F|  |TAMS 0x00000000c3500000, 0x00000000c3500000| Untracked 
|   4|0x00000000c3600000, 0x00000000c3600000, 0x00000000c3700000|  0%| F|  |TAMS 0x00000000c3600000, 0x00000000c3600000| Untracked 
|   5|0x00000000c3700000, 0x00000000c3700000, 0x00000000c3800000|  0%| F|  |TAMS 0x00000000c3700000, 0x00000000c3700000| Untracked 
|   6|0x00000000c3800000, 0x00000000c3800000, 0x00000000c3900000|  0%| F|  |TAMS 0x00000000c3800000, 0x00000000c3800000| Untracked 
|   7|0x00000000c3900000, 0x00000000c3900000, 0x00000000c3a00000|  0%| F|  |TAMS 0x00000000c3900000, 0x00000000c3900000| Untracked 
|   8|0x00000000c3a00000, 0x00000000c3a00000, 0x00000000c3b00000|  0%| F|  |TAMS 0x00000000c3a00000, 0x00000000c3a00000| Untracked 
|   9|0x00000000c3b00000, 0x00000000c3b00000, 0x00000000c3c00000|  0%| F|  |TAMS 0x00000000c3b00000, 0x00000000c3b00000| Untracked 
|  10|0x00000000c3c00000, 0x00000000c3c00000, 0x00000000c3d00000|  0%| F|  |TAMS 0x00000000c3c00000, 0x00000000c3c00000| Untracked 
|  11|0x00000000c3d00000, 0x00000000c3d00000, 0x00000000c3e00000|  0%| F|  |TAMS 0x00000000c3d00000, 0x00000000c3d00000| Untracked 
|  12|0x00000000c3e00000, 0x00000000c3e00000, 0x00000000c3f00000|  0%| F|  |TAMS 0x00000000c3e00000, 0x00000000c3e00000| Untracked 
|  13|0x00000000c3f00000, 0x00000000c3f00000, 0x00000000c4000000|  0%| F|  |TAMS 0x00000000c3f00000, 0x00000000c3f00000| Untracked 
|  14|0x00000000c4000000, 0x00000000c4000000, 0x00000000c4100000|  0%| F|  |TAMS 0x00000000c4000000, 0x00000000c4000000| Untracked 
|  15|0x00000000c4100000, 0x00000000c4100000, 0x00000000c4200000|  0%| F|  |TAMS 0x00000000c4100000, 0x00000000c4100000| Untracked 
|  16|0x00000000c4200000, 0x00000000c4200000, 0x00000000c4300000|  0%| F|  |TAMS 0x00000000c4200000, 0x00000000c4200000| Untracked 
|  17|0x00000000c4300000, 0x00000000c4300000, 0x00000000c4400000|  0%| F|  |TAMS 0x00000000c4300000, 0x00000000c4300000| Untracked 
|  18|0x00000000c4400000, 0x00000000c4400000, 0x00000000c4500000|  0%| F|  |TAMS 0x00000000c4400000, 0x00000000c4400000| Untracked 
|  19|0x00000000c4500000, 0x00000000c4500000, 0x00000000c4600000|  0%| F|  |TAMS 0x00000000c4500000, 0x00000000c4500000| Untracked 
|  20|0x00000000c4600000, 0x00000000c4600000, 0x00000000c4700000|  0%| F|  |TAMS 0x00000000c4600000, 0x00000000c4600000| Untracked 
|  21|0x00000000c4700000, 0x00000000c4700000, 0x00000000c4800000|  0%| F|  |TAMS 0x00000000c4700000, 0x00000000c4700000| Untracked 
|  22|0x00000000c4800000, 0x00000000c4800000, 0x00000000c4900000|  0%| F|  |TAMS 0x00000000c4800000, 0x00000000c4800000| Untracked 
|  23|0x00000000c4900000, 0x00000000c4900000, 0x00000000c4a00000|  0%| F|  |TAMS 0x00000000c4900000, 0x00000000c4900000| Untracked 
|  24|0x00000000c4a00000, 0x00000000c4a00000, 0x00000000c4b00000|  0%| F|  |TAMS 0x00000000c4a00000, 0x00000000c4a00000| Untracked 
|  25|0x00000000c4b00000, 0x00000000c4b00000, 0x00000000c4c00000|  0%| F|  |TAMS 0x00000000c4b00000, 0x00000000c4b00000| Untracked 
|  26|0x00000000c4c00000, 0x00000000c4c00000, 0x00000000c4d00000|  0%| F|  |TAMS 0x00000000c4c00000, 0x00000000c4c00000| Untracked 
|  27|0x00000000c4d00000, 0x00000000c4d00000, 0x00000000c4e00000|  0%| F|  |TAMS 0x00000000c4d00000, 0x00000000c4d00000| Untracked 
|  28|0x00000000c4e00000, 0x00000000c4e00000, 0x00000000c4f00000|  0%| F|  |TAMS 0x00000000c4e00000, 0x00000000c4e00000| Untracked 
|  29|0x00000000c4f00000, 0x00000000c4f00000, 0x00000000c5000000|  0%| F|  |TAMS 0x00000000c4f00000, 0x00000000c4f00000| Untracked 
|  30|0x00000000c5000000, 0x00000000c5000000, 0x00000000c5100000|  0%| F|  |TAMS 0x00000000c5000000, 0x00000000c5000000| Untracked 
|  31|0x00000000c5100000, 0x00000000c5100000, 0x00000000c5200000|  0%| F|  |TAMS 0x00000000c5100000, 0x00000000c5100000| Untracked 
|  32|0x00000000c5200000, 0x00000000c5200000, 0x00000000c5300000|  0%| F|  |TAMS 0x00000000c5200000, 0x00000000c5200000| Untracked 
|  33|0x00000000c5300000, 0x00000000c5300000, 0x00000000c5400000|  0%| F|  |TAMS 0x00000000c5300000, 0x00000000c5300000| Untracked 
|  34|0x00000000c5400000, 0x00000000c5400000, 0x00000000c5500000|  0%| F|  |TAMS 0x00000000c5400000, 0x00000000c5400000| Untracked 
|  35|0x00000000c5500000, 0x00000000c5500000, 0x00000000c5600000|  0%| F|  |TAMS 0x00000000c5500000, 0x00000000c5500000| Untracked 
|  36|0x00000000c5600000, 0x00000000c5700000, 0x00000000c5700000|100%| S|CS|TAMS 0x00000000c5600000, 0x00000000c5600000| Complete 
|  37|0x00000000c5700000, 0x00000000c5800000, 0x00000000c5800000|100%| S|CS|TAMS 0x00000000c5700000, 0x00000000c5700000| Complete 
|  38|0x00000000c5800000, 0x00000000c5900000, 0x00000000c5900000|100%| S|CS|TAMS 0x00000000c5800000, 0x00000000c5800000| Complete 
|  39|0x00000000c5900000, 0x00000000c5900000, 0x00000000c5a00000|  0%| F|  |TAMS 0x00000000c5900000, 0x00000000c5900000| Untracked 
|  40|0x00000000c5a00000, 0x00000000c5a00000, 0x00000000c5b00000|  0%| F|  |TAMS 0x00000000c5a00000, 0x00000000c5a00000| Untracked 
|  41|0x00000000c5b00000, 0x00000000c5b00000, 0x00000000c5c00000|  0%| F|  |TAMS 0x00000000c5b00000, 0x00000000c5b00000| Untracked 
|  42|0x00000000c5c00000, 0x00000000c5c00000, 0x00000000c5d00000|  0%| F|  |TAMS 0x00000000c5c00000, 0x00000000c5c00000| Untracked 
|  43|0x00000000c5d00000, 0x00000000c5e00000, 0x00000000c5e00000|100%| E|  |TAMS 0x00000000c5d00000, 0x00000000c5d00000| Complete 
|  44|0x00000000c5e00000, 0x00000000c5f00000, 0x00000000c5f00000|100%| E|CS|TAMS 0x00000000c5e00000, 0x00000000c5e00000| Complete 
|  45|0x00000000c5f00000, 0x00000000c6000000, 0x00000000c6000000|100%| E|CS|TAMS 0x00000000c5f00000, 0x00000000c5f00000| Complete 
|  46|0x00000000c6000000, 0x00000000c6100000, 0x00000000c6100000|100%| E|CS|TAMS 0x00000000c6000000, 0x00000000c6000000| Complete 
|  47|0x00000000c6100000, 0x00000000c6200000, 0x00000000c6200000|100%| E|CS|TAMS 0x00000000c6100000, 0x00000000c6100000| Complete 
|  48|0x00000000c6200000, 0x00000000c6300000, 0x00000000c6300000|100%| E|CS|TAMS 0x00000000c6200000, 0x00000000c6200000| Complete 
|  49|0x00000000c6300000, 0x00000000c6400000, 0x00000000c6400000|100%| E|CS|TAMS 0x00000000c6300000, 0x00000000c6300000| Complete 
|  50|0x00000000c6400000, 0x00000000c6500000, 0x00000000c6500000|100%| E|CS|TAMS 0x00000000c6400000, 0x00000000c6400000| Complete 
|  51|0x00000000c6500000, 0x00000000c6600000, 0x00000000c6600000|100%| E|CS|TAMS 0x00000000c6500000, 0x00000000c6500000| Complete 
|  52|0x00000000c6600000, 0x00000000c6700000, 0x00000000c6700000|100%| E|CS|TAMS 0x00000000c6600000, 0x00000000c6600000| Complete 
|  53|0x00000000c6700000, 0x00000000c6800000, 0x00000000c6800000|100%| E|CS|TAMS 0x00000000c6700000, 0x00000000c6700000| Complete 
|  54|0x00000000c6800000, 0x00000000c6900000, 0x00000000c6900000|100%| E|CS|TAMS 0x00000000c6800000, 0x00000000c6800000| Complete 
|  55|0x00000000c6900000, 0x00000000c6a00000, 0x00000000c6a00000|100%| E|CS|TAMS 0x00000000c6900000, 0x00000000c6900000| Complete 
|  56|0x00000000c6a00000, 0x00000000c6b00000, 0x00000000c6b00000|100%| E|CS|TAMS 0x00000000c6a00000, 0x00000000c6a00000| Complete 
|  57|0x00000000c6b00000, 0x00000000c6c00000, 0x00000000c6c00000|100%| E|CS|TAMS 0x00000000c6b00000, 0x00000000c6b00000| Complete 
|  58|0x00000000c6c00000, 0x00000000c6d00000, 0x00000000c6d00000|100%| E|CS|TAMS 0x00000000c6c00000, 0x00000000c6c00000| Complete 
|  59|0x00000000c6d00000, 0x00000000c6e00000, 0x00000000c6e00000|100%| E|CS|TAMS 0x00000000c6d00000, 0x00000000c6d00000| Complete 
|  60|0x00000000c6e00000, 0x00000000c6f00000, 0x00000000c6f00000|100%| E|CS|TAMS 0x00000000c6e00000, 0x00000000c6e00000| Complete 
|  61|0x00000000c6f00000, 0x00000000c7000000, 0x00000000c7000000|100%| E|CS|TAMS 0x00000000c6f00000, 0x00000000c6f00000| Complete 

Card table byte_map: [0x0000014741520000,0x0000014741710000] _byte_map_base: 0x0000014740f07000

Marking Bits (Prev, Next): (CMBitMap*) 0x000001472a7cb650, (CMBitMap*) 0x000001472a7cb690
 Prev Bits: [0x0000014741900000, 0x0000014742838000)
 Next Bits: [0x0000014742840000, 0x0000014743778000)

Polling page: 0x0000014728700000

Metaspace:

Usage:
  Non-class:      6.80 MB used.
      Class:    948.25 KB used.
       Both:      7.73 MB used.

Virtual space:
  Non-class space:       16.00 MB reserved,       6.88 MB ( 43%) committed,  2 nodes.
      Class space:        1.00 GB reserved,       1.00 MB ( <1%) committed,  1 nodes.
             Both:        1.02 GB reserved,       7.88 MB ( <1%) committed. 

Chunk freelists:
   Non-Class:  3.06 MB
       Class:  2.95 MB
        Both:  6.02 MB

MaxMetaspaceSize: unlimited
CompressedClassSpaceSize: 1.00 GB
Initial GC threshold: 21.00 MB
Current GC threshold: 21.00 MB
CDS: on
MetaspaceReclaimPolicy: balanced
 - commit_granule_bytes: 65536.
 - commit_granule_words: 8192.
 - virtual_space_node_default_size: 1048576.
 - enlarge_chunks_in_place: 1.
 - new_chunks_are_fully_committed: 0.
 - uncommit_free_chunks: 1.
 - use_allocation_guard: 0.
 - handle_deallocations: 1.


Internal statistics:

num_allocs_failed_limit: 0.
num_arena_births: 26.
num_arena_deaths: 0.
num_vsnodes_births: 3.
num_vsnodes_deaths: 0.
num_space_committed: 126.
num_space_uncommitted: 0.
num_chunks_returned_to_freelist: 0.
num_chunks_taken_from_freelist: 285.
num_chunk_merges: 0.
num_chunk_splits: 208.
num_chunks_enlarged: 172.
num_purges: 0.
num_inconsistent_stats: 0.

CodeHeap 'non-profiled nmethods': size=120000Kb used=504Kb max_used=504Kb free=119495Kb
 bounds [0x0000014739ad0000, 0x0000014739d40000, 0x0000014741000000]
CodeHeap 'profiled nmethods': size=120000Kb used=2835Kb max_used=2835Kb free=117164Kb
 bounds [0x00000147325a0000, 0x0000014732870000, 0x0000014739ad0000]
CodeHeap 'non-nmethods': size=5760Kb used=1148Kb max_used=1180Kb free=4611Kb
 bounds [0x0000014732000000, 0x0000014732270000, 0x00000147325a0000]
 total_blobs=1863 nmethods=1427 adapters=349
 compilation: enabled
              stopped_count=0, restarted_count=0
 full_count=0

Compilation events (20 events):
Event: 1.035 Thread 0x000001474617f6a0 nmethod 1355 0x0000014739b4a510 code [0x0000014739b4a880, 0x0000014739b4c090]
Event: 1.035 Thread 0x0000014746187d60 nmethod 1377 0x0000014732849e90 code [0x000001473284a080, 0x000001473284a5a8]
Event: 1.035 Thread 0x0000014746187d60 1378       3       jdk.internal.reflect.ReflectionFactory::getExecutableSharedParameterTypes (11 bytes)
Event: 1.035 Thread 0x0000014746187d60 nmethod 1378 0x000001473284a890 code [0x000001473284aa40, 0x000001473284aca8]
Event: 1.035 Thread 0x000001474617f6a0 1359       4       java.lang.Object::<init> (1 bytes)
Event: 1.035 Thread 0x0000014746187d60 1379       3       java.lang.reflect.ReflectAccess::getExecutableSharedParameterTypes (5 bytes)
Event: 1.036 Thread 0x0000014746187d60 nmethod 1379 0x000001473284ae10 code [0x000001473284afc0, 0x000001473284b188]
Event: 1.036 Thread 0x0000014746187d60 1380       3       java.util.Collections$UnmodifiableCollection$1::next (10 bytes)
Event: 1.036 Thread 0x0000014746187d60 nmethod 1380 0x000001473284b290 code [0x000001473284b440, 0x000001473284b608]
Event: 1.036 Thread 0x000001474617f6a0 nmethod 1359 0x0000014739b4cf10 code [0x0000014739b4d080, 0x0000014739b4d138]
Event: 1.036 Thread 0x000001474617f6a0 1372       4       java.lang.StringLatin1::compareTo (52 bytes)
Event: 1.037 Thread 0x0000014746187d60 1381       3       sun.nio.fs.WindowsPath::elementAsString (62 bytes)
Event: 1.037 Thread 0x0000014746187d60 nmethod 1381 0x000001473284b710 code [0x000001473284b920, 0x000001473284bdc8]
Event: 1.037 Thread 0x0000014746187d60 1382       3       com.google.inject.internal.Errors::<init> (22 bytes)
Event: 1.038 Thread 0x0000014746187d60 nmethod 1382 0x000001473284c110 code [0x000001473284c2c0, 0x000001473284c518]
Event: 1.038 Thread 0x0000014746187d60 1383       3       java.lang.Class::isAnnotation (17 bytes)
Event: 1.039 Thread 0x0000014746187d60 nmethod 1383 0x000001473284c610 code [0x000001473284c7a0, 0x000001473284c938]
Event: 1.039 Thread 0x0000014746187d60 1384       3       jdk.internal.loader.AbstractClassLoaderValue::sub (10 bytes)
Event: 1.039 Thread 0x0000014746187d60 nmethod 1384 0x000001473284ca10 code [0x000001473284cbc0, 0x000001473284cef8]
Event: 1.039 Thread 0x0000014746187d60 1385       3       jdk.internal.loader.AbstractClassLoaderValue$Sub::<init> (15 bytes)

GC Heap History (2 events):
Event: 0.715 GC heap before
{Heap before GC invocations=0 (full 0):
 garbage-first heap   total 63488K, used 22528K [0x00000000c3200000, 0x0000000100000000)
  region size 1024K, 23 young (23552K), 0 survivors (0K)
 Metaspace       used 4779K, committed 4928K, reserved 1056768K
  class space    used 563K, committed 640K, reserved 1048576K
}
Event: 0.722 GC heap after
{Heap after GC invocations=1 (full 0):
 garbage-first heap   total 63488K, used 3574K [0x00000000c3200000, 0x0000000100000000)
  region size 1024K, 3 young (3072K), 3 survivors (3072K)
 Metaspace       used 4779K, committed 4928K, reserved 1056768K
  class space    used 563K, committed 640K, reserved 1048576K
}

Deoptimization events (20 events):
Event: 0.798 Thread 0x000001472a78eb00 Uncommon trap: trap_request=0xffffffde fr.pc=0x0000014739b2e8c8 relative=0x0000000000000128
Event: 0.798 Thread 0x000001472a78eb00 Uncommon trap: reason=class_check action=maybe_recompile pc=0x0000014739b2e8c8 method=jdk.internal.misc.Unsafe.allocateUninitializedArray(Ljava/lang/Class;I)Ljava/lang/Object; @ 51 c2
Event: 0.798 Thread 0x000001472a78eb00 DEOPT PACKING pc=0x0000014739b2e8c8 sp=0x000000448e5fba40
Event: 0.798 Thread 0x000001472a78eb00 DEOPT UNPACKING pc=0x00000147320523a3 sp=0x000000448e5fb9c8 mode 2
Event: 0.798 Thread 0x000001472a78eb00 Uncommon trap: trap_request=0xffffffde fr.pc=0x0000014739b2e8c8 relative=0x0000000000000128
Event: 0.798 Thread 0x000001472a78eb00 Uncommon trap: reason=class_check action=maybe_recompile pc=0x0000014739b2e8c8 method=jdk.internal.misc.Unsafe.allocateUninitializedArray(Ljava/lang/Class;I)Ljava/lang/Object; @ 51 c2
Event: 0.798 Thread 0x000001472a78eb00 DEOPT PACKING pc=0x0000014739b2e8c8 sp=0x000000448e5fbae0
Event: 0.798 Thread 0x000001472a78eb00 DEOPT UNPACKING pc=0x00000147320523a3 sp=0x000000448e5fba68 mode 2
Event: 0.837 Thread 0x000001472a78eb00 Uncommon trap: trap_request=0xffffff45 fr.pc=0x0000014739b2f954 relative=0x0000000000000334
Event: 0.837 Thread 0x000001472a78eb00 Uncommon trap: reason=unstable_if action=reinterpret pc=0x0000014739b2f954 method=java.lang.String.<init>([CIILjava/lang/Void;)V @ 5 c2
Event: 0.837 Thread 0x000001472a78eb00 DEOPT PACKING pc=0x0000014739b2f954 sp=0x000000448e5fdb60
Event: 0.837 Thread 0x000001472a78eb00 DEOPT UNPACKING pc=0x00000147320523a3 sp=0x000000448e5fdb20 mode 2
Event: 0.871 Thread 0x000001472a78eb00 Uncommon trap: trap_request=0xffffff45 fr.pc=0x0000014739b37b64 relative=0x00000000000004c4
Event: 0.871 Thread 0x000001472a78eb00 Uncommon trap: reason=unstable_if action=reinterpret pc=0x0000014739b37b64 method=java.lang.String.<init>([CIILjava/lang/Void;)V @ 5 c2
Event: 0.871 Thread 0x000001472a78eb00 DEOPT PACKING pc=0x0000014739b37b64 sp=0x000000448e5fdc40
Event: 0.871 Thread 0x000001472a78eb00 DEOPT UNPACKING pc=0x00000147320523a3 sp=0x000000448e5fdad8 mode 2
Event: 0.883 Thread 0x000001472a78eb00 DEOPT PACKING pc=0x000001473279be34 sp=0x000000448e5fddc0
Event: 0.883 Thread 0x000001472a78eb00 DEOPT UNPACKING pc=0x0000014732052b43 sp=0x000000448e5fd230 mode 0
Event: 0.893 Thread 0x000001472a78eb00 DEOPT PACKING pc=0x00000147325df068 sp=0x000000448e5fd1d0
Event: 0.893 Thread 0x000001472a78eb00 DEOPT UNPACKING pc=0x0000014732052b43 sp=0x000000448e5fc660 mode 0

Classes unloaded (0 events):
No events

Classes redefined (0 events):
No events

Internal exceptions (11 events):
Event: 0.261 Thread 0x000001472a78eb00 Exception <a 'java/lang/NullPointerException'{0x00000000c6c836a0}> (0x00000000c6c836a0) 
thrown [s\open\src\hotspot\share\interpreter\linkResolver.cpp, line 1350]
Event: 0.314 Thread 0x000001472a78eb00 Exception <a 'java/lang/NullPointerException'{0x00000000c6cb2e60}> (0x00000000c6cb2e60) 
thrown [s\open\src\hotspot\share\interpreter\linkResolver.cpp, line 1350]
Event: 0.314 Thread 0x000001472a78eb00 Exception <a 'java/lang/NullPointerException'{0x00000000c6cb3138}> (0x00000000c6cb3138) 
thrown [s\open\src\hotspot\share\interpreter\linkResolver.cpp, line 1350]
Event: 0.314 Thread 0x000001472a78eb00 Exception <a 'java/lang/NullPointerException'{0x00000000c6cb3410}> (0x00000000c6cb3410) 
thrown [s\open\src\hotspot\share\interpreter\linkResolver.cpp, line 1350]
Event: 0.315 Thread 0x000001472a78eb00 Exception <a 'java/lang/NullPointerException'{0x00000000c6cb8d90}> (0x00000000c6cb8d90) 
thrown [s\open\src\hotspot\share\interpreter\linkResolver.cpp, line 1350]
Event: 0.317 Thread 0x000001472a78eb00 Exception <a 'java/lang/NullPointerException'{0x00000000c6cce148}> (0x00000000c6cce148) 
thrown [s\open\src\hotspot\share\interpreter\linkResolver.cpp, line 1350]
Event: 0.317 Thread 0x000001472a78eb00 Exception <a 'java/lang/NullPointerException'{0x00000000c6cce420}> (0x00000000c6cce420) 
thrown [s\open\src\hotspot\share\interpreter\linkResolver.cpp, line 1350]
Event: 0.317 Thread 0x000001472a78eb00 Exception <a 'java/lang/NullPointerException'{0x00000000c6cce6f8}> (0x00000000c6cce6f8) 
thrown [s\open\src\hotspot\share\interpreter\linkResolver.cpp, line 1350]
Event: 0.317 Thread 0x000001472a78eb00 Exception <a 'java/lang/NullPointerException'{0x00000000c6cce9d0}> (0x00000000c6cce9d0) 
thrown [s\open\src\hotspot\share\interpreter\linkResolver.cpp, line 1350]
Event: 0.598 Thread 0x000001472a78eb00 Exception <a 'java/lang/NoSuchMethodError'{0x00000000c62f32b0}: 'java.lang.Object java.lang.invoke.DirectMethodHandle$Holder.newInvokeSpecial(java.lang.Object, java.lang.Object, java.lang.Object, java.lang.Object, java.lang.Object)'> (0x00000000c62f32b0) 
thrown [s\open\src\hotspot\share\interpreter\linkResolver.cpp, line 759]
Event: 0.639 Thread 0x000001472a78eb00 Exception <a 'java/lang/NoClassDefFoundError'{0x00000000c60584d8}: javax/enterprise/inject/Typed> (0x00000000c60584d8) 
thrown [s\open\src\hotspot\share\classfile\systemDictionary.cpp, line 245]

VM Operations (14 events):
Event: 0.063 Executing VM operation: HandshakeAllThreads
Event: 0.063 Executing VM operation: HandshakeAllThreads done
Event: 0.260 Executing VM operation: HandshakeAllThreads
Event: 0.260 Executing VM operation: HandshakeAllThreads done
Event: 0.267 Executing VM operation: HandshakeAllThreads
Event: 0.267 Executing VM operation: HandshakeAllThreads done
Event: 0.400 Executing VM operation: HandshakeAllThreads
Event: 0.400 Executing VM operation: HandshakeAllThreads done
Event: 0.714 Executing VM operation: G1CollectForAllocation
Event: 0.722 Executing VM operation: G1CollectForAllocation done
Event: 0.951 Executing VM operation: HandshakeAllThreads
Event: 0.951 Executing VM operation: HandshakeAllThreads done
Event: 1.009 Executing VM operation: HandshakeAllThreads
Event: 1.009 Executing VM operation: HandshakeAllThreads done

Events (20 events):
Event: 0.806 loading class jdk/internal/reflect/UTF8
Event: 0.807 loading class jdk/internal/reflect/UTF8 done
Event: 0.807 loading class jdk/internal/reflect/Label
Event: 0.807 loading class jdk/internal/reflect/Label done
Event: 0.807 loading class jdk/internal/reflect/Label$PatchInfo
Event: 0.807 loading class jdk/internal/reflect/Label$PatchInfo done
Event: 0.807 loading class jdk/internal/reflect/MethodAccessorGenerator$1
Event: 0.807 loading class jdk/internal/reflect/MethodAccessorGenerator$1 done
Event: 0.807 loading class jdk/internal/reflect/ClassDefiner
Event: 0.807 loading class jdk/internal/reflect/ClassDefiner done
Event: 0.807 loading class jdk/internal/reflect/ClassDefiner$1
Event: 0.807 loading class jdk/internal/reflect/ClassDefiner$1 done
Event: 0.807 loading class jdk/internal/reflect/BootstrapConstructorAccessorImpl
Event: 0.807 loading class jdk/internal/reflect/BootstrapConstructorAccessorImpl done
Event: 0.954 loading class java/lang/Deprecated
Event: 0.954 loading class java/lang/Deprecated done
Event: 0.963 loading class java/lang/NumberFormatException
Event: 0.963 loading class java/lang/NumberFormatException done
Event: 0.996 loading class java/util/EventObject
Event: 0.996 loading class java/util/EventObject done


Dynamic libraries:
0x00007ff6eaa10000 - 0x00007ff6eaa20000 	C:\Program Files\Java\jdk-17.0.5\bin\java.exe
0x00007ffcd97d0000 - 0x00007ffcd99e4000 	C:\WINDOWS\SYSTEM32\ntdll.dll
0x00007ffcd7be0000 - 0x00007ffcd7ca2000 	C:\WINDOWS\System32\KERNEL32.DLL
0x00007ffcd6ec0000 - 0x00007ffcd725d000 	C:\WINDOWS\System32\KERNELBASE.dll
0x00007ffcd72d0000 - 0x00007ffcd73e1000 	C:\WINDOWS\System32\ucrtbase.dll
0x00007ffcb7890000 - 0x00007ffcb78a8000 	C:\Program Files\Java\jdk-17.0.5\bin\jli.dll
0x00007ffcb6840000 - 0x00007ffcb685a000 	C:\Program Files\Java\jdk-17.0.5\bin\VCRUNTIME140.dll
0x00007ffcd8b70000 - 0x00007ffcd8c1e000 	C:\WINDOWS\System32\ADVAPI32.dll
0x00007ffcd7b30000 - 0x00007ffcd7bd7000 	C:\WINDOWS\System32\msvcrt.dll
0x00007ffcd8030000 - 0x00007ffcd80d4000 	C:\WINDOWS\System32\sechost.dll
0x00007ffcd8a50000 - 0x00007ffcd8b65000 	C:\WINDOWS\System32\RPCRT4.dll
0x00007ffcd9550000 - 0x00007ffcd96fd000 	C:\WINDOWS\System32\USER32.dll
0x00007ffcd7470000 - 0x00007ffcd7496000 	C:\WINDOWS\System32\win32u.dll
0x00007ffcd9700000 - 0x00007ffcd9729000 	C:\WINDOWS\System32\GDI32.dll
0x00007ffcb60e0000 - 0x00007ffcb636e000 	C:\WINDOWS\WinSxS\amd64_microsoft.windows.common-controls_6595b64144ccf1df_6.0.22621.608_none_a9444ca7c10bb01d\COMCTL32.dll
0x00007ffcd74a0000 - 0x00007ffcd75b2000 	C:\WINDOWS\System32\gdi32full.dll
0x00007ffcd6e20000 - 0x00007ffcd6eba000 	C:\WINDOWS\System32\msvcp_win.dll
0x00007ffcca9a0000 - 0x00007ffcca9aa000 	C:\WINDOWS\SYSTEM32\VERSION.dll
0x00007ffcd9200000 - 0x00007ffcd9232000 	C:\WINDOWS\System32\IMM32.DLL
0x00007ffcb72e0000 - 0x00007ffcb72ec000 	C:\Program Files\Java\jdk-17.0.5\bin\vcruntime140_1.dll
0x00007ffc96b30000 - 0x00007ffc96bbd000 	C:\Program Files\Java\jdk-17.0.5\bin\msvcp140.dll
0x00007ffc11b20000 - 0x00007ffc126e2000 	C:\Program Files\Java\jdk-17.0.5\bin\server\jvm.dll
0x00007ffcd76c0000 - 0x00007ffcd76c8000 	C:\WINDOWS\System32\PSAPI.DLL
0x00007ffcd0a40000 - 0x00007ffcd0a74000 	C:\WINDOWS\SYSTEM32\WINMM.dll
0x00007ffcb7a30000 - 0x00007ffcb7a39000 	C:\WINDOWS\SYSTEM32\WSOCK32.dll
0x00007ffcd90a0000 - 0x00007ffcd9111000 	C:\WINDOWS\System32\WS2_32.dll
0x00007ffcd5d40000 - 0x00007ffcd5d58000 	C:\WINDOWS\SYSTEM32\kernel.appcore.dll
0x00007ffcb71d0000 - 0x00007ffcb71da000 	C:\Program Files\Java\jdk-17.0.5\bin\jimage.dll
0x00007ffcd4540000 - 0x00007ffcd476e000 	C:\WINDOWS\SYSTEM32\DBGHELP.DLL
0x00007ffcd76e0000 - 0x00007ffcd7a6a000 	C:\WINDOWS\System32\combase.dll
0x00007ffcd9120000 - 0x00007ffcd91f7000 	C:\WINDOWS\System32\OLEAUT32.dll
0x00007ffcd0a00000 - 0x00007ffcd0a32000 	C:\WINDOWS\SYSTEM32\dbgcore.DLL
0x00007ffcd73f0000 - 0x00007ffcd746b000 	C:\WINDOWS\System32\bcryptPrimitives.dll
0x00007ffcb6790000 - 0x00007ffcb67b5000 	C:\Program Files\Java\jdk-17.0.5\bin\java.dll
0x00007ffcb2d70000 - 0x00007ffcb2e46000 	C:\Program Files\Java\jdk-17.0.5\bin\jsvml.dll
0x00007ffcd80e0000 - 0x00007ffcd88cf000 	C:\WINDOWS\System32\SHELL32.dll
0x00007ffcd4c30000 - 0x00007ffcd54f8000 	C:\WINDOWS\SYSTEM32\windows.storage.dll
0x00007ffcd4af0000 - 0x00007ffcd4c2e000 	C:\WINDOWS\SYSTEM32\wintypes.dll
0x00007ffcd75c0000 - 0x00007ffcd76b1000 	C:\WINDOWS\System32\SHCORE.dll
0x00007ffcd9730000 - 0x00007ffcd978e000 	C:\WINDOWS\System32\shlwapi.dll
0x00007ffcd6b20000 - 0x00007ffcd6b41000 	C:\WINDOWS\SYSTEM32\profapi.dll
0x00007ffcb67e0000 - 0x00007ffcb67f9000 	C:\Program Files\Java\jdk-17.0.5\bin\net.dll
0x00007ffccdfa0000 - 0x00007ffcce0cf000 	C:\WINDOWS\SYSTEM32\WINHTTP.dll
0x00007ffcd61a0000 - 0x00007ffcd6209000 	C:\WINDOWS\system32\mswsock.dll
0x00007ffcb6770000 - 0x00007ffcb6786000 	C:\Program Files\Java\jdk-17.0.5\bin\nio.dll
0x00007ffcb6580000 - 0x00007ffcb6598000 	C:\Program Files\Java\jdk-17.0.5\bin\zip.dll
0x0000000069ac0000 - 0x0000000069ae4000 	C:\Program Files\NetBeans-15\netbeans\java\maven\lib\jansi-native\Windows\x86_64\jansi.dll
0x00007ffcb6570000 - 0x00007ffcb6580000 	C:\Program Files\Java\jdk-17.0.5\bin\verify.dll

dbghelp: loaded successfully - version: 4.0.5 - missing functions: none
symbol engine: initialized successfully - sym options: 0x614 - pdb path: .;C:\Program Files\Java\jdk-17.0.5\bin;C:\WINDOWS\SYSTEM32;C:\WINDOWS\WinSxS\amd64_microsoft.windows.common-controls_6595b64144ccf1df_6.0.22621.608_none_a9444ca7c10bb01d;C:\Program Files\Java\jdk-17.0.5\bin\server;C:\Program Files\NetBeans-15\netbeans\java\maven\lib\jansi-native\Windows\x86_64

VM Arguments:
jvm_args: -Dclassworlds.conf=C:\Program Files\NetBeans-15\netbeans\java\maven\bin\m2.conf -Dmaven.home=C:\Program Files\NetBeans-15\netbeans\java\maven -Dlibrary.jansi.path=C:\Program Files\NetBeans-15\netbeans\java\maven\lib\jansi-native -Dmaven.multiModuleProjectDirectory=C:\Users\pdo18\Desktop\DUAN 
java_command: org.codehaus.plexus.classworlds.launcher.Launcher -Dexec.vmArgs= -Dexec.args=${exec.vmArgs} -classpath %classpath ${exec.mainClass} ${exec.appArgs} -Dexec.executable=C:\Program Files\Java\jdk-17.0.5\bin\java.exe -Dexec.mainClass=poly.edu.ui.MainJFrame -Dexec.classpathScope=runtime -Dexec.appArgs= -Dmaven.ext.class.path=C:\Program Files\NetBeans-15\netbeans\java\maven-nblib\netbeans-eventspy.jar -Dfile.encoding=UTF-8 org.codehaus.mojo:exec-maven-plugin:3.0.0:exec
java_class_path (initial): C:\Program Files\NetBeans-15\netbeans\java\maven\boot\plexus-classworlds-2.6.0.jar
Launcher Type: SUN_STANDARD

[Global flags]
     intx CICompilerCount                          = 4                                         {product} {ergonomic}
     uint ConcGCThreads                            = 2                                         {product} {ergonomic}
     uint G1ConcRefinementThreads                  = 8                                         {product} {ergonomic}
   size_t G1HeapRegionSize                         = 1048576                                   {product} {ergonomic}
    uintx GCDrainStackTargetSize                   = 64                                        {product} {ergonomic}
   size_t InitialHeapSize                          = 65011712                                  {product} {ergonomic}
   size_t MarkStackSize                            = 4194304                                   {product} {ergonomic}
   size_t MaxHeapSize                              = 1021313024                                {product} {ergonomic}
   size_t MaxNewSize                               = 612368384                                 {product} {ergonomic}
   size_t MinHeapDeltaBytes                        = 1048576                                   {product} {ergonomic}
   size_t MinHeapSize                              = 8388608                                   {product} {ergonomic}
    uintx NonNMethodCodeHeapSize                   = 5839372                                {pd product} {ergonomic}
    uintx NonProfiledCodeHeapSize                  = 122909434                              {pd product} {ergonomic}
    uintx ProfiledCodeHeapSize                     = 122909434                              {pd product} {ergonomic}
    uintx ReservedCodeCacheSize                    = 251658240                              {pd product} {ergonomic}
     bool SegmentedCodeCache                       = true                                      {product} {ergonomic}
   size_t SoftMaxHeapSize                          = 1021313024                             {manageable} {ergonomic}
     bool UseCompressedClassPointers               = true                           {product lp64_product} {ergonomic}
     bool UseCompressedOops                        = true                           {product lp64_product} {ergonomic}
     bool UseG1GC                                  = true                                      {product} {ergonomic}
     bool UseLargePagesIndividualAllocation        = false                                  {pd product} {ergonomic}

Logging:
Log output configuration:
 #0: stdout all=warning uptime,level,tags
 #1: stderr all=off uptime,level,tags

Environment Variables:
JAVA_HOME=C:\Program Files\Java\jdk-17.0.5
PATH=C:\Program Files\Java\jdk-17.0.5\bin;C:\Program Files\Common Files\Oracle\Java\javapath;C:\Windows\system32;C:\Windows;C:\Windows\System32\Wbem;C:\Windows\System32\WindowsPowerShell\v1.0\;C:\Windows\System32\OpenSSH\;C:\Program Files (x86)\NVIDIA Corporation\PhysX\Common;C:\Program Files\NVIDIA Corporation\NVIDIA NvDLISR;C:\WINDOWS\system32;C:\WINDOWS;C:\WINDOWS\System32\Wbem;C:\WINDOWS\System32\WindowsPowerShell\v1.0\;C:\WINDOWS\System32\OpenSSH\;C:\Program Files\Azure Data Studio\bin;C:\Program Files\Microsoft SQL Server\Client SDK\ODBC\170\Tools\Binn\;C:\Program Files (x86)\Microsoft SQL Server\150\Tools\Binn\;C:\Program Files\Microsoft SQL Server\150\Tools\Binn\;C:\Program Files\Microsoft SQL Server\150\DTS\Binn\;C:\Program Files (x86)\Microsoft SQL Server\150\DTS\Binn\;C:\Users\pdo18\AppData\Local\Microsoft\WindowsApps;;C:\Program Files\JetBrains\IntelliJ IDEA Community Edition 2022.2.3\bin;;C:\Program Files\Azure Data Studio\bin;C:\Users\pdo18\AppData\Local\Programs\Microsoft VS Code\bin
USERNAME=pdo18
OS=Windows_NT
PROCESSOR_IDENTIFIER=Intel64 Family 6 Model 165 Stepping 2, GenuineIntel



---------------  S Y S T E M  ---------------

OS:
 Windows 11 , 64 bit Build 22621 (10.0.22621.900)
OS uptime: 0 days 14:12 hours

CPU: total 8 (initial active 8) (4 cores per cpu, 2 threads per core) family 6 model 165 stepping 2 microcode 0xf0, cx8, cmov, fxsr, ht, mmx, 3dnowpref, sse, sse2, sse3, ssse3, sse4.1, sse4.2, popcnt, lzcnt, tsc, tscinvbit, avx, avx2, aes, erms, clmul, bmi1, bmi2, adx, fma, vzeroupper, clflush, clflushopt

Memory: 4k page, system-wide physical 3889M (173M free)
TotalPageFile size 15665M (AvailPageFile size 0M)
current process WorkingSet (physical memory assigned to process): 80M, peak: 80M
current process commit charge ("private bytes"): 159M, peak: 159M

vm_info: Java HotSpot(TM) 64-Bit Server VM (17.0.5+9-LTS-191) for windows-amd64 JRE (17.0.5+9-LTS-191), built on Sep 13 2022 17:31:43 by "mach5one" with MS VC++ 16.8 / 16.9 (VS2019)

END.
