#
# There is insufficient memory for the Java Runtime Environment to continue.
# Native memory allocation (mmap) failed to map 65011712 bytes for G1 virtual space
# Possible reasons:
#   The system is out of physical RAM or swap space
#   The process is running with CompressedOops enabled, and the Java Heap may be blocking the growth of the native heap
# Possible solutions:
#   Reduce memory load on the system
#   Increase physical memory or swap space
#   Check if swap backing store is full
#   Decrease Java heap size (-Xmx/-Xms)
#   Decrease number of Java threads
#   Decrease Java thread stack sizes (-Xss)
#   Set larger code cache with -XX:ReservedCodeCacheSize=
#   JVM is running with Unscaled Compressed Oops mode in which the Java heap is
#     placed in the first 4GB address space. The Java Heap base address is the
#     maximum limit for the native heap growth. Please use -XX:HeapBaseMinAddress
#     to set the Java Heap base and to place the Java Heap above 4GB virtual address.
# This output file may be truncated or incomplete.
#
#  Out of Memory Error (os_windows.cpp:3541), pid=15604, tid=23696
#
# JRE version:  (17.0.5+9) (build )
# Java VM: Java HotSpot(TM) 64-Bit Server VM (17.0.5+9-LTS-191, mixed mode, sharing, tiered, compressed oops, compressed class ptrs, g1 gc, windows-amd64)
# No core dump will be written. Minidumps are not enabled by default on client versions of Windows
#

---------------  S U M M A R Y ------------

Command Line: -Dclassworlds.conf=C:\Program Files\NetBeans-15\netbeans\java\maven\bin\m2.conf -Dmaven.home=C:\Program Files\NetBeans-15\netbeans\java\maven -Dlibrary.jansi.path=C:\Program Files\NetBeans-15\netbeans\java\maven\lib\jansi-native -Dmaven.multiModuleProjectDirectory=C:\Users\pdo18\Desktop\DUAN org.codehaus.plexus.classworlds.launcher.Launcher -Dmaven.ext.class.path=C:\Program Files\NetBeans-15\netbeans\java\maven-nblib\netbeans-eventspy.jar -Dfile.encoding=UTF-8 install

Host: Intel(R) Core(TM) i5-10300H CPU @ 2.50GHz, 8 cores, 3G,  Windows 11 , 64 bit Build 22621 (10.0.22621.900)
Time: Mon Dec  5 02:12:35 2022 SE Asia Standard Time elapsed time: 0.016476 seconds (0d 0h 0m 0s)

---------------  T H R E A D  ---------------

Current thread (0x000002023874e6b0):  JavaThread "Unknown thread" [_thread_in_vm, id=23696, stack(0x000000c1b5000000,0x000000c1b5100000)]

Stack: [0x000000c1b5000000,0x000000c1b5100000]
Native frames: (J=compiled Java code, j=interpreted, Vv=VM code, C=native code)
V  [jvm.dll+0x672eea]
V  [jvm.dll+0x7d2a04]
V  [jvm.dll+0x7d41ae]
V  [jvm.dll+0x7d4813]
V  [jvm.dll+0x242c15]
V  [jvm.dll+0x66fe09]
V  [jvm.dll+0x664682]
V  [jvm.dll+0x300e8b]
V  [jvm.dll+0x308426]
V  [jvm.dll+0x357ffe]
V  [jvm.dll+0x35822f]
V  [jvm.dll+0x2d80a8]
V  [jvm.dll+0x2d9014]
V  [jvm.dll+0x7a44e1]
V  [jvm.dll+0x365df1]
V  [jvm.dll+0x7838fc]
V  [jvm.dll+0x3e873f]
V  [jvm.dll+0x3ea1e1]
C  [jli.dll+0x527b]
C  [ucrtbase.dll+0x29363]
C  [KERNEL32.DLL+0x1247d]
C  [ntdll.dll+0x5dfb8]


---------------  P R O C E S S  ---------------

Threads class SMR info:
_java_thread_list=0x00007ffc125ba8d8, length=0, elements={
}

Java Threads: ( => current thread )

Other Threads:
  0x0000020238789fa0 GCTaskThread "GC Thread#0" [stack: 0x000000c1b5100000,0x000000c1b5200000] [id=22480]
  0x0000020238793910 ConcurrentGCThread "G1 Main Marker" [stack: 0x000000c1b5200000,0x000000c1b5300000] [id=10488]
  0x0000020238795870 ConcurrentGCThread "G1 Conc#0" [stack: 0x000000c1b5300000,0x000000c1b5400000] [id=19620]

[error occurred during error reporting (printing all threads), id 0xc0000005, EXCEPTION_ACCESS_VIOLATION (0xc0000005) at pc=0x00007ffc11e08a97]

VM state: not at safepoint (not fully initialized)

VM Mutex/Monitor currently owned by a thread:  ([mutex/lock_event])
[0x0000020238749de0] Heap_lock - owner thread: 0x000002023874e6b0

Heap address: 0x00000000c3200000, size: 974 MB, Compressed Oops mode: 32-bit

CDS archive(s) mapped at: [0x0000000000000000-0x0000000000000000-0x0000000000000000), size 0, SharedBaseAddress: 0x0000000800000000, ArchiveRelocationMode: 0.
Narrow klass base: 0x0000000000000000, Narrow klass shift: 0, Narrow klass range: 0x0

GC Precious Log:
<Empty>

Heap:
 garbage-first heap   total 0K, used 0K [0x00000000c3200000, 0x0000000100000000)
  region size 1024K, 0 young (0K), 0 survivors (0K)

[error occurred during error reporting (printing heap information), id 0xc0000005, EXCEPTION_ACCESS_VIOLATION (0xc0000005) at pc=0x00007ffc121ec399]

GC Heap History (0 events):
No events

Deoptimization events (0 events):
No events

Classes unloaded (0 events):
No events

Classes redefined (0 events):
No events

Internal exceptions (0 events):
No events

VM Operations (0 events):
No events

Events (1 events):
Event: 0.009 Loaded shared library C:\Program Files\Java\jdk-17.0.5\bin\java.dll


Dynamic libraries:
0x00007ff6eaa10000 - 0x00007ff6eaa20000 	C:\Program Files\Java\jdk-17.0.5\bin\java.exe
0x00007ffcd97d0000 - 0x00007ffcd99e4000 	C:\WINDOWS\SYSTEM32\ntdll.dll
0x00007ffcd7be0000 - 0x00007ffcd7ca2000 	C:\WINDOWS\System32\KERNEL32.DLL
0x00007ffcd6ec0000 - 0x00007ffcd725d000 	C:\WINDOWS\System32\KERNELBASE.dll
0x00007ffcd72d0000 - 0x00007ffcd73e1000 	C:\WINDOWS\System32\ucrtbase.dll
0x00007ffcb7890000 - 0x00007ffcb78a8000 	C:\Program Files\Java\jdk-17.0.5\bin\jli.dll
0x00007ffcb6840000 - 0x00007ffcb685a000 	C:\Program Files\Java\jdk-17.0.5\bin\VCRUNTIME140.dll
0x00007ffcd8b70000 - 0x00007ffcd8c1e000 	C:\WINDOWS\System32\ADVAPI32.dll
0x00007ffcd7b30000 - 0x00007ffcd7bd7000 	C:\WINDOWS\System32\msvcrt.dll
0x00007ffcd8030000 - 0x00007ffcd80d4000 	C:\WINDOWS\System32\sechost.dll
0x00007ffcd8a50000 - 0x00007ffcd8b65000 	C:\WINDOWS\System32\RPCRT4.dll
0x00007ffcd9550000 - 0x00007ffcd96fd000 	C:\WINDOWS\System32\USER32.dll
0x00007ffcd7470000 - 0x00007ffcd7496000 	C:\WINDOWS\System32\win32u.dll
0x00007ffcd9700000 - 0x00007ffcd9729000 	C:\WINDOWS\System32\GDI32.dll
0x00007ffcb60e0000 - 0x00007ffcb636e000 	C:\WINDOWS\WinSxS\amd64_microsoft.windows.common-controls_6595b64144ccf1df_6.0.22621.608_none_a9444ca7c10bb01d\COMCTL32.dll
0x00007ffcd74a0000 - 0x00007ffcd75b2000 	C:\WINDOWS\System32\gdi32full.dll
0x00007ffcd6e20000 - 0x00007ffcd6eba000 	C:\WINDOWS\System32\msvcp_win.dll
0x00007ffcca9a0000 - 0x00007ffcca9aa000 	C:\WINDOWS\SYSTEM32\VERSION.dll
0x00007ffcd9200000 - 0x00007ffcd9232000 	C:\WINDOWS\System32\IMM32.DLL
0x00007ffcb72e0000 - 0x00007ffcb72ec000 	C:\Program Files\Java\jdk-17.0.5\bin\vcruntime140_1.dll
0x00007ffc96b30000 - 0x00007ffc96bbd000 	C:\Program Files\Java\jdk-17.0.5\bin\msvcp140.dll
0x00007ffc11b20000 - 0x00007ffc126e2000 	C:\Program Files\Java\jdk-17.0.5\bin\server\jvm.dll
0x00007ffcd76c0000 - 0x00007ffcd76c8000 	C:\WINDOWS\System32\PSAPI.DLL
0x00007ffcb7a30000 - 0x00007ffcb7a39000 	C:\WINDOWS\SYSTEM32\WSOCK32.dll
0x00007ffcd0a40000 - 0x00007ffcd0a74000 	C:\WINDOWS\SYSTEM32\WINMM.dll
0x00007ffcd90a0000 - 0x00007ffcd9111000 	C:\WINDOWS\System32\WS2_32.dll
0x00007ffcd5d40000 - 0x00007ffcd5d58000 	C:\WINDOWS\SYSTEM32\kernel.appcore.dll
0x00007ffcb71d0000 - 0x00007ffcb71da000 	C:\Program Files\Java\jdk-17.0.5\bin\jimage.dll
0x00007ffcd4540000 - 0x00007ffcd476e000 	C:\WINDOWS\SYSTEM32\DBGHELP.DLL
0x00007ffcd76e0000 - 0x00007ffcd7a6a000 	C:\WINDOWS\System32\combase.dll
0x00007ffcd9120000 - 0x00007ffcd91f7000 	C:\WINDOWS\System32\OLEAUT32.dll
0x00007ffcd0a00000 - 0x00007ffcd0a32000 	C:\WINDOWS\SYSTEM32\dbgcore.DLL
0x00007ffcd73f0000 - 0x00007ffcd746b000 	C:\WINDOWS\System32\bcryptPrimitives.dll
0x00007ffcb6790000 - 0x00007ffcb67b5000 	C:\Program Files\Java\jdk-17.0.5\bin\java.dll

dbghelp: loaded successfully - version: 4.0.5 - missing functions: none
symbol engine: initialized successfully - sym options: 0x614 - pdb path: .;C:\Program Files\Java\jdk-17.0.5\bin;C:\WINDOWS\SYSTEM32;C:\WINDOWS\WinSxS\amd64_microsoft.windows.common-controls_6595b64144ccf1df_6.0.22621.608_none_a9444ca7c10bb01d;C:\Program Files\Java\jdk-17.0.5\bin\server

VM Arguments:
jvm_args: -Dclassworlds.conf=C:\Program Files\NetBeans-15\netbeans\java\maven\bin\m2.conf -Dmaven.home=C:\Program Files\NetBeans-15\netbeans\java\maven -Dlibrary.jansi.path=C:\Program Files\NetBeans-15\netbeans\java\maven\lib\jansi-native -Dmaven.multiModuleProjectDirectory=C:\Users\pdo18\Desktop\DUAN 
java_command: org.codehaus.plexus.classworlds.launcher.Launcher -Dmaven.ext.class.path=C:\Program Files\NetBeans-15\netbeans\java\maven-nblib\netbeans-eventspy.jar -Dfile.encoding=UTF-8 install
java_class_path (initial): C:\Program Files\NetBeans-15\netbeans\java\maven\boot\plexus-classworlds-2.6.0.jar
Launcher Type: SUN_STANDARD

[Global flags]
     intx CICompilerCount                          = 4                                         {product} {ergonomic}
     uint ConcGCThreads                            = 2                                         {product} {ergonomic}
     uint G1ConcRefinementThreads                  = 8                                         {product} {ergonomic}
   size_t G1HeapRegionSize                         = 1048576                                   {product} {ergonomic}
    uintx GCDrainStackTargetSize                   = 64                                        {product} {ergonomic}
   size_t InitialHeapSize                          = 65011712                                  {product} {ergonomic}
   size_t MarkStackSize                            = 4194304                                   {product} {ergonomic}
   size_t MaxHeapSize                              = 1021313024                                {product} {ergonomic}
   size_t MinHeapDeltaBytes                        = 1048576                                   {product} {ergonomic}
   size_t MinHeapSize                              = 8388608                                   {product} {ergonomic}
    uintx NonNMethodCodeHeapSize                   = 5839372                                {pd product} {ergonomic}
    uintx NonProfiledCodeHeapSize                  = 122909434                              {pd product} {ergonomic}
    uintx ProfiledCodeHeapSize                     = 122909434                              {pd product} {ergonomic}
    uintx ReservedCodeCacheSize                    = 251658240                              {pd product} {ergonomic}
     bool SegmentedCodeCache                       = true                                      {product} {ergonomic}
   size_t SoftMaxHeapSize                          = 1021313024                             {manageable} {ergonomic}
     bool UseCompressedClassPointers               = true                           {product lp64_product} {ergonomic}
     bool UseCompressedOops                        = true                           {product lp64_product} {ergonomic}
     bool UseG1GC                                  = true                                      {product} {ergonomic}
     bool UseLargePagesIndividualAllocation        = false                                  {pd product} {ergonomic}

Logging:
Log output configuration:
 #0: stdout all=warning uptime,level,tags
 #1: stderr all=off uptime,level,tags

Environment Variables:
JAVA_HOME=C:\Program Files\Java\jdk-17.0.5
PATH=C:\Program Files\Java\jdk-17.0.5\bin;C:\Program Files\Common Files\Oracle\Java\javapath;C:\Windows\system32;C:\Windows;C:\Windows\System32\Wbem;C:\Windows\System32\WindowsPowerShell\v1.0\;C:\Windows\System32\OpenSSH\;C:\Program Files (x86)\NVIDIA Corporation\PhysX\Common;C:\Program Files\NVIDIA Corporation\NVIDIA NvDLISR;C:\WINDOWS\system32;C:\WINDOWS;C:\WINDOWS\System32\Wbem;C:\WINDOWS\System32\WindowsPowerShell\v1.0\;C:\WINDOWS\System32\OpenSSH\;C:\Program Files\Azure Data Studio\bin;C:\Program Files\Microsoft SQL Server\Client SDK\ODBC\170\Tools\Binn\;C:\Program Files (x86)\Microsoft SQL Server\150\Tools\Binn\;C:\Program Files\Microsoft SQL Server\150\Tools\Binn\;C:\Program Files\Microsoft SQL Server\150\DTS\Binn\;C:\Program Files (x86)\Microsoft SQL Server\150\DTS\Binn\;C:\Users\pdo18\AppData\Local\Microsoft\WindowsApps;;C:\Program Files\JetBrains\IntelliJ IDEA Community Edition 2022.2.3\bin;;C:\Program Files\Azure Data Studio\bin;C:\Users\pdo18\AppData\Local\Programs\Microsoft VS Code\bin
USERNAME=pdo18
OS=Windows_NT
PROCESSOR_IDENTIFIER=Intel64 Family 6 Model 165 Stepping 2, GenuineIntel



---------------  S Y S T E M  ---------------

OS:
 Windows 11 , 64 bit Build 22621 (10.0.22621.900)
OS uptime: 0 days 14:13 hours

CPU: total 8 (initial active 8) (4 cores per cpu, 2 threads per core) family 6 model 165 stepping 2 microcode 0xf0, cx8, cmov, fxsr, ht, mmx, 3dnowpref, sse, sse2, sse3, ssse3, sse4.1, sse4.2, popcnt, lzcnt, tsc, tscinvbit, avx, avx2, aes, erms, clmul, bmi1, bmi2, adx, fma, vzeroupper, clflush, clflushopt

Memory: 4k page, system-wide physical 3889M (331M free)
TotalPageFile size 15665M (AvailPageFile size 59M)
current process WorkingSet (physical memory assigned to process): 10M, peak: 10M
current process commit charge ("private bytes"): 59M, peak: 121M

vm_info: Java HotSpot(TM) 64-Bit Server VM (17.0.5+9-LTS-191) for windows-amd64 JRE (17.0.5+9-LTS-191), built on Sep 13 2022 17:31:43 by "mach5one" with MS VC++ 16.8 / 16.9 (VS2019)

END.
